20:28:57 logback {restartedMain} INFO  com.info.DemoApplication - Starting DemoApplication on Lee-PC with PID 1972 (C:\Users\Lee\git\ssh\target\classes started by Lee in C:\Users\Lee\git\ssh)
20:28:57 logback {restartedMain} INFO  com.info.DemoApplication - No active profile set, falling back to default profiles: default
20:28:57 logback {restartedMain} INFO  o.s.b.w.s.c.AnnotationConfigServletWebServerApplicationContext - Refreshing org.springframework.boot.web.servlet.context.AnnotationConfigServletWebServerApplicationContext@222f4084: startup date [Tue May 08 20:28:57 CST 2018]; root of context hierarchy
20:28:59 logback {restartedMain} INFO  o.s.b.f.s.DefaultListableBeanFactory - Overriding bean definition for bean 'dataSource' with a different definition: replacing [Root bean: class [null]; scope=; abstract=false; lazyInit=false; autowireMode=3; dependencyCheck=0; autowireCandidate=true; primary=false; factoryBeanName=org.springframework.boot.autoconfigure.jdbc.DataSourceConfiguration$Generic; factoryMethodName=dataSource; initMethodName=null; destroyMethodName=(inferred); defined in class path resource [org/springframework/boot/autoconfigure/jdbc/DataSourceConfiguration$Generic.class]] with [Root bean: class [null]; scope=; abstract=false; lazyInit=false; autowireMode=3; dependencyCheck=0; autowireCandidate=true; primary=false; factoryBeanName=org.springframework.boot.autoconfigure.jdbc.DataSourceConfiguration$Hikari; factoryMethodName=dataSource; initMethodName=null; destroyMethodName=(inferred); defined in class path resource [org/springframework/boot/autoconfigure/jdbc/DataSourceConfiguration$Hikari.class]]
20:29:01 logback {restartedMain} INFO  o.s.c.s.PostProcessorRegistrationDelegate$BeanPostProcessorChecker - Bean 'org.springframework.transaction.annotation.ProxyTransactionManagementConfiguration' of type [org.springframework.transaction.annotation.ProxyTransactionManagementConfiguration$$EnhancerBySpringCGLIB$$fd399437] is not eligible for getting processed by all BeanPostProcessors (for example: not eligible for auto-proxying)
20:29:03 logback {restartedMain} INFO  o.s.b.w.e.tomcat.TomcatWebServer - Tomcat initialized with port(s): 8080 (http)
20:29:03 logback {restartedMain} INFO  o.a.coyote.http11.Http11NioProtocol - Initializing ProtocolHandler ["http-nio-8080"]
20:29:03 logback {restartedMain} INFO  o.a.catalina.core.StandardService - Starting service [Tomcat]
20:29:03 logback {restartedMain} INFO  o.a.catalina.core.StandardEngine - Starting Servlet Engine: Apache Tomcat/8.5.28
20:29:03 logback {localhost-startStop-1} INFO  o.a.c.core.AprLifecycleListener - The APR based Apache Tomcat Native library which allows optimal performance in production environments was not found on the java.library.path: [C:\Program Files\Java\jre1.8.0_161\bin;C:\Windows\Sun\Java\bin;C:\Windows\system32;C:\Windows;C:/Program Files/Java/jre1.8.0_161/bin/server;C:/Program Files/Java/jre1.8.0_161/bin;C:/Program Files/Java/jre1.8.0_161/lib/amd64;C:\ProgramData\Oracle\Java\javapath;C:\Windows\system32;C:\Windows;C:\Windows\System32\Wbem;C:\Windows\System32\WindowsPowerShell\v1.0\;C:\Program Files\Java\jdk-9.0.1\bin;C:\Program Files\MySQL\MySQL Utilities 1.6\;C:\Program Files\dotnet\;C:\Program Files\Microsoft SQL Server\130\Tools\Binn\;C:\apache-maven-3.5.2\bin;C:\Users\Lee\Desktop;;.]
20:29:03 logback {localhost-startStop-1} INFO  o.a.c.c.C.[Tomcat].[localhost].[/] - Initializing Spring embedded WebApplicationContext
20:29:03 logback {localhost-startStop-1} INFO  o.s.web.context.ContextLoader - Root WebApplicationContext: initialization completed in 6625 ms
20:29:07 logback {localhost-startStop-1} INFO  com.zaxxer.hikari.HikariDataSource - HikariPool-1 - Starting...
20:29:07 logback {localhost-startStop-1} INFO  com.zaxxer.hikari.HikariDataSource - HikariPool-1 - Start completed.
20:29:07 logback {localhost-startStop-1} INFO  o.s.o.j.LocalContainerEntityManagerFactoryBean - Building JPA container EntityManagerFactory for persistence unit 'default'
20:29:07 logback {localhost-startStop-1} INFO  o.h.jpa.internal.util.LogHelper - HHH000204: Processing PersistenceUnitInfo [
	name: default
	...]
20:29:08 logback {localhost-startStop-1} INFO  org.hibernate.Version - HHH000412: Hibernate Core {5.2.14.Final}
20:29:08 logback {localhost-startStop-1} INFO  org.hibernate.cfg.Environment - HHH000206: hibernate.properties not found
20:29:08 logback {localhost-startStop-1} INFO  o.h.annotations.common.Version - HCANN000001: Hibernate Commons Annotations {5.0.1.Final}
20:29:08 logback {localhost-startStop-1} INFO  org.hibernate.dialect.Dialect - HHH000400: Using dialect: org.hibernate.dialect.MySQL5Dialect
20:29:10 logback {localhost-startStop-1} INFO  o.s.o.j.LocalContainerEntityManagerFactoryBean - Initialized JPA EntityManagerFactory for persistence unit 'default'
20:29:12 logback {localhost-startStop-1} INFO  o.h.h.i.QueryTranslatorFactoryInitiator - HHH000397: Using ASTQueryTranslatorFactory
20:29:12 logback {localhost-startStop-1} INFO  o.s.b.w.s.FilterRegistrationBean - Mapping filter: 'characterEncodingFilter' to: [/*]
20:29:12 logback {localhost-startStop-1} INFO  o.s.b.w.s.FilterRegistrationBean - Mapping filter: 'hiddenHttpMethodFilter' to: [/*]
20:29:12 logback {localhost-startStop-1} INFO  o.s.b.w.s.FilterRegistrationBean - Mapping filter: 'httpPutFormContentFilter' to: [/*]
20:29:12 logback {localhost-startStop-1} INFO  o.s.b.w.s.FilterRegistrationBean - Mapping filter: 'requestContextFilter' to: [/*]
20:29:12 logback {localhost-startStop-1} INFO  o.s.b.w.s.DelegatingFilterProxyRegistrationBean - Mapping filter: 'springSecurityFilterChain' to: [/*]
20:29:12 logback {localhost-startStop-1} INFO  o.s.b.w.s.FilterRegistrationBean - Mapping filter: 'httpTraceFilter' to: [/*]
20:29:12 logback {localhost-startStop-1} INFO  o.s.b.w.s.FilterRegistrationBean - Mapping filter: 'sitemesh3' to urls: [/*]
20:29:12 logback {localhost-startStop-1} INFO  o.s.b.w.s.FilterRegistrationBean - Mapping filter: 'webMvcMetricsFilter' to: [/*]
20:29:12 logback {localhost-startStop-1} INFO  o.s.b.w.s.FilterRegistrationBean - Mapping filter: 'filterSecurityInterceptor' to: [/*]
20:29:12 logback {localhost-startStop-1} INFO  o.s.b.w.s.ServletRegistrationBean - Servlet dispatcherServlet mapped to [/]
20:29:12 logback {restartedMain} WARN  o.s.b.a.o.j.JpaBaseConfiguration$JpaWebConfiguration$JpaWebMvcConfiguration - spring.jpa.open-in-view is enabled by default. Therefore, database queries may be performed during view rendering. Explicitly configure spring.jpa.open-in-view to disable this warning
20:29:13 logback {restartedMain} INFO  o.s.w.s.m.m.a.RequestMappingHandlerMapping - Mapped "{[/admin],methods=[GET]}" onto public java.lang.String com.info.controllers.AdminController.Admin(org.springframework.ui.Model)
20:29:13 logback {restartedMain} INFO  o.s.w.s.m.m.a.RequestMappingHandlerMapping - Mapped "{[/syncftp]}" onto public java.lang.String com.info.controllers.AdminController.syncFtp()
20:29:13 logback {restartedMain} INFO  o.s.w.s.m.m.a.RequestMappingHandlerMapping - Mapped "{[/tasks/test]}" onto public java.lang.String com.info.controllers.AsyncTaskController.test() throws java.lang.Exception
20:29:13 logback {restartedMain} INFO  o.s.w.s.m.m.a.RequestMappingHandlerMapping - Mapped "{[/daily/monthReport/security],methods=[POST]}" onto public boolean com.info.controllers.DailyController.security(com.info.domain.dto.MonthStatisticsSecurityDTO,org.springframework.validation.BindingResult,org.springframework.ui.Model)
20:29:13 logback {restartedMain} INFO  o.s.w.s.m.m.a.RequestMappingHandlerMapping - Mapped "{[/daily/monthReport/{inc}/{currentMonth}],methods=[GET]}" onto public java.lang.String com.info.controllers.DailyController.preNext(org.springframework.ui.Model,java.lang.String,java.lang.String)
20:29:13 logback {restartedMain} INFO  o.s.w.s.m.m.a.RequestMappingHandlerMapping - Mapped "{[/daily/monthReport/fill],methods=[GET]}" onto public java.lang.String com.info.controllers.DailyController.monthReport(org.springframework.ui.Model)
20:29:13 logback {restartedMain} INFO  o.s.w.s.m.m.a.RequestMappingHandlerMapping - Mapped "{[/daily/monthReport/overview],methods=[GET]}" onto public java.lang.String com.info.controllers.DailyController.overview(org.springframework.ui.Model)
20:29:13 logback {restartedMain} INFO  o.s.w.s.m.m.a.RequestMappingHandlerMapping - Mapped "{[/daily/monthReport/department],methods=[GET]}" onto public java.lang.String com.info.controllers.DailyController.department(org.springframework.ui.Model)
20:29:13 logback {restartedMain} INFO  o.s.w.s.m.m.a.RequestMappingHandlerMapping - Mapped "{[/daily/monthReport/party],methods=[POST]}" onto public boolean com.info.controllers.DailyController.party(com.info.domain.dto.MonthStatisticsPartyDTO,org.springframework.validation.BindingResult,org.springframework.ui.Model)
20:29:13 logback {restartedMain} INFO  o.s.w.s.m.m.a.RequestMappingHandlerMapping - Mapped "{[/daily/monthReport/office],methods=[POST]}" onto public boolean com.info.controllers.DailyController.office(com.info.domain.dto.MonthStatisticsOfficeDTO,org.springframework.validation.BindingResult,org.springframework.ui.Model)
20:29:13 logback {restartedMain} INFO  o.s.w.s.m.m.a.RequestMappingHandlerMapping - Mapped "{[/daily/monthReport/affairs],methods=[POST]}" onto public boolean com.info.controllers.DailyController.affairs(com.info.domain.dto.MonthStatisticsAffairsDTO,org.springframework.validation.BindingResult,org.springframework.ui.Model)
20:29:13 logback {restartedMain} INFO  o.s.w.s.m.m.a.RequestMappingHandlerMapping - Mapped "{[/daily/monthReport/news],methods=[POST]}" onto public boolean com.info.controllers.DailyController.news(com.info.domain.dto.MonthStatisticsNewsDTO,org.springframework.validation.BindingResult,org.springframework.ui.Model)
20:29:13 logback {restartedMain} INFO  o.s.w.s.m.m.a.RequestMappingHandlerMapping - Mapped "{[/daily/monthReport/website],methods=[POST]}" onto public boolean com.info.controllers.DailyController.website(com.info.domain.dto.MonthStatisticsWebsiteDTO,org.springframework.validation.BindingResult,org.springframework.ui.Model)
20:29:13 logback {restartedMain} INFO  o.s.w.s.m.m.a.RequestMappingHandlerMapping - Mapped "{[/daily/monthReport/nongovern],methods=[POST]}" onto public boolean com.info.controllers.DailyController.nongovern(com.info.domain.dto.MonthStatisticsNongovernDTO,org.springframework.validation.BindingResult,org.springframework.ui.Model)
20:29:13 logback {restartedMain} INFO  o.s.w.s.m.m.a.RequestMappingHandlerMapping - Mapped "{[/daily/monthReport/maintenance],methods=[POST]}" onto public boolean com.info.controllers.DailyController.mainenance(com.info.domain.dto.MonthStatisticsMaintenanceDTO,org.springframework.validation.BindingResult,org.springframework.ui.Model)
20:29:13 logback {restartedMain} INFO  o.s.w.s.m.m.a.RequestMappingHandlerMapping - Mapped "{[/daily/monthReport/fbase],methods=[POST]}" onto public boolean com.info.controllers.DailyController.fbase(com.info.domain.dto.MonthStatisticsFbaseNewDTO,org.springframework.validation.BindingResult,org.springframework.ui.Model)
20:29:13 logback {restartedMain} INFO  o.s.w.s.m.m.a.RequestMappingHandlerMapping - Mapped "{[/daily/monthReport/photo],methods=[POST]}" onto public boolean com.info.controllers.DailyController.photo(com.info.domain.dto.MonthStatisticsPhotoDTO,org.springframework.validation.BindingResult)
20:29:13 logback {restartedMain} INFO  o.s.w.s.m.m.a.RequestMappingHandlerMapping - Mapped "{[/decorators/default],methods=[GET]}" onto public java.lang.String com.info.controllers.DecoratorController.index()
20:29:13 logback {restartedMain} INFO  o.s.w.s.m.m.a.RequestMappingHandlerMapping - Mapped "{[/decorators/report],methods=[GET]}" onto public java.lang.String com.info.controllers.DecoratorController.report()
20:29:13 logback {restartedMain} INFO  o.s.w.s.m.m.a.RequestMappingHandlerMapping - Mapped "{[/decorators/party],methods=[GET]}" onto public java.lang.String com.info.controllers.DecoratorController.party()
20:29:13 logback {restartedMain} INFO  o.s.w.s.m.m.a.RequestMappingHandlerMapping - Mapped "{[/decorators/office],methods=[GET]}" onto public java.lang.String com.info.controllers.DecoratorController.office()
20:29:13 logback {restartedMain} INFO  o.s.w.s.m.m.a.RequestMappingHandlerMapping - Mapped "{[/decorators/cms],methods=[GET]}" onto public java.lang.String com.info.controllers.DecoratorController.cms()
20:29:13 logback {restartedMain} INFO  o.s.w.s.m.m.a.RequestMappingHandlerMapping - Mapped "{[/decorators/about],methods=[GET]}" onto public java.lang.String com.info.controllers.DecoratorController.about()
20:29:13 logback {restartedMain} INFO  o.s.w.s.m.m.a.RequestMappingHandlerMapping - Mapped "{[/decorators/daily],methods=[GET]}" onto public java.lang.String com.info.controllers.DecoratorController.daily()
20:29:13 logback {restartedMain} INFO  o.s.w.s.m.m.a.RequestMappingHandlerMapping - Mapped "{[/decorators/personel],methods=[GET]}" onto public java.lang.String com.info.controllers.DecoratorController.personel()
20:29:13 logback {restartedMain} INFO  o.s.w.s.m.m.a.RequestMappingHandlerMapping - Mapped "{[/decorators/userdetails],methods=[GET]}" onto public java.lang.String com.info.controllers.DecoratorController.userDetails()
20:29:13 logback {restartedMain} INFO  o.s.w.s.m.m.a.RequestMappingHandlerMapping - Mapped "{[/decorators/lmr],methods=[GET]}" onto public java.lang.String com.info.controllers.DecoratorController.lmr()
20:29:13 logback {restartedMain} INFO  o.s.w.s.m.m.a.RequestMappingHandlerMapping - Mapped "{[/index]}" onto public java.lang.String com.info.controllers.IndexController.index()
20:29:13 logback {restartedMain} INFO  o.s.w.s.m.m.a.RequestMappingHandlerMapping - Mapped "{[/error],methods=[GET]}" onto public java.lang.String com.info.controllers.IndexController.Error()
20:29:13 logback {restartedMain} INFO  o.s.w.s.m.m.a.RequestMappingHandlerMapping - Mapped "{[/policy],methods=[GET]}" onto public java.lang.String com.info.controllers.IndexController.policy()
20:29:13 logback {restartedMain} INFO  o.s.w.s.m.m.a.RequestMappingHandlerMapping - Mapped "{[/]}" onto public java.lang.String com.info.controllers.IndexController.home()
20:29:13 logback {restartedMain} INFO  o.s.w.s.m.m.a.RequestMappingHandlerMapping - Mapped "{[/party],methods=[GET]}" onto public java.lang.String com.info.controllers.IndexController.party()
20:29:13 logback {restartedMain} INFO  o.s.w.s.m.m.a.RequestMappingHandlerMapping - Mapped "{[/office],methods=[GET]}" onto public java.lang.String com.info.controllers.IndexController.office()
20:29:13 logback {restartedMain} INFO  o.s.w.s.m.m.a.RequestMappingHandlerMapping - Mapped "{[/about],methods=[GET]}" onto public java.lang.String com.info.controllers.IndexController.about()
20:29:13 logback {restartedMain} INFO  o.s.w.s.m.m.a.RequestMappingHandlerMapping - Mapped "{[/daily],methods=[GET]}" onto public java.lang.String com.info.controllers.IndexController.daily()
20:29:13 logback {restartedMain} INFO  o.s.w.s.m.m.a.RequestMappingHandlerMapping - Mapped "{[/personel],methods=[GET]}" onto public java.lang.String com.info.controllers.IndexController.personal()
20:29:13 logback {restartedMain} INFO  o.s.w.s.m.m.a.RequestMappingHandlerMapping - Mapped "{[/activity],methods=[GET]}" onto public java.lang.String com.info.controllers.IndexController.activity()
20:29:13 logback {restartedMain} INFO  o.s.w.s.m.m.a.RequestMappingHandlerMapping - Mapped "{[/deny]}" onto public java.lang.String com.info.controllers.IndexController.deny()
20:29:13 logback {restartedMain} INFO  o.s.w.s.m.m.a.RequestMappingHandlerMapping - Mapped "{[/register],methods=[GET]}" onto public java.lang.String com.info.controllers.IndexController.regist()
20:29:13 logback {restartedMain} INFO  o.s.w.s.m.m.a.RequestMappingHandlerMapping - Mapped "{[/protocol],methods=[GET]}" onto public java.lang.String com.info.controllers.IndexController.Protocol()
20:29:13 logback {restartedMain} INFO  o.s.w.s.m.m.a.RequestMappingHandlerMapping - Mapped "{[/login],methods=[GET]}" onto public java.lang.String com.info.controllers.IndexController.login()
20:29:13 logback {restartedMain} INFO  o.s.w.s.m.m.a.RequestMappingHandlerMapping - Mapped "{[/login-error],methods=[GET]}" onto public java.lang.String com.info.controllers.IndexController.loginError()
20:29:13 logback {restartedMain} INFO  o.s.w.s.m.m.a.RequestMappingHandlerMapping - Mapped "{[/CSRFTest],methods=[GET]}" onto public java.lang.String com.info.controllers.IndexController.product()
20:29:13 logback {restartedMain} INFO  o.s.w.s.m.m.a.RequestMappingHandlerMapping - Mapped "{[/CSRFTestcheck],methods=[POST]}" onto public java.lang.String com.info.controllers.IndexController.product1()
20:29:13 logback {restartedMain} INFO  o.s.w.s.m.m.a.RequestMappingHandlerMapping - Mapped "{[/personel/evaluationMonth],methods=[GET]}" onto public java.lang.String com.info.controllers.PersonelController.evaluationMonth(org.springframework.ui.Model)
20:29:13 logback {restartedMain} INFO  o.s.w.s.m.m.a.RequestMappingHandlerMapping - Mapped "{[/personel/evaluationFill],methods=[GET]}" onto public java.lang.String com.info.controllers.PersonelController.evaluationFill(org.springframework.ui.Model,javax.servlet.http.HttpServletRequest)
20:29:13 logback {restartedMain} INFO  o.s.w.s.m.m.a.RequestMappingHandlerMapping - Mapped "{[/personel/evaluationSeason],methods=[POST]}" onto public java.lang.String com.info.controllers.PersonelController.evaluationSeason(com.info.domain.dto.EvaluationEmployeeDTOList,org.springframework.validation.BindingResult,javax.servlet.http.HttpServletRequest,org.springframework.ui.Model)
20:29:13 logback {restartedMain} INFO  o.s.w.s.m.m.a.RequestMappingHandlerMapping - Mapped "{[/personel/evaluationDept/{deptId}],methods=[GET]}" onto public java.lang.String com.info.controllers.PersonelController.evaluationQuery(org.springframework.ui.Model,java.lang.String)
20:29:13 logback {restartedMain} INFO  o.s.w.s.m.m.a.RequestMappingHandlerMapping - Mapped "{[/personel/evaluationQuery],methods=[GET]}" onto public java.lang.String com.info.controllers.PersonelController.evaluationQuery(org.springframework.ui.Model,javax.servlet.http.HttpServletRequest)
20:29:13 logback {restartedMain} INFO  o.s.w.s.m.m.a.RequestMappingHandlerMapping - Mapped "{[/personel/evaluationDept],methods=[GET]}" onto public java.lang.String com.info.controllers.PersonelController.evaluationDept(org.springframework.ui.Model,javax.servlet.http.HttpServletRequest)
20:29:13 logback {restartedMain} INFO  o.s.w.s.m.m.a.RequestMappingHandlerMapping - Mapped "{[/personel/evaluationQuarter],methods=[GET]}" onto public java.lang.String com.info.controllers.PersonelController.evaluationQuerter(org.springframework.ui.Model)
20:29:13 logback {restartedMain} INFO  o.s.w.s.m.m.a.RequestMappingHandlerMapping - Mapped "{[/register],methods=[POST]}" onto public java.lang.String com.info.controllers.UserController.register(com.info.domain.dto.RegistraFormDTO,org.springframework.validation.BindingResult,org.springframework.web.context.request.WebRequest,org.springframework.web.servlet.mvc.support.RedirectAttributesModelMap)
20:29:13 logback {restartedMain} INFO  o.s.w.s.m.m.a.RequestMappingHandlerMapping - Mapped "{[/user/details],methods=[GET]}" onto public java.lang.String com.info.controllers.UserController.detail(org.springframework.ui.Model,javax.servlet.http.HttpServletRequest)
20:29:13 logback {restartedMain} INFO  o.s.w.s.m.m.a.RequestMappingHandlerMapping - Mapped "{[/user/pwd/mod],methods=[POST]}" onto public java.lang.String com.info.controllers.UserController.pwdMod(java.lang.String,java.lang.String,java.lang.String,javax.servlet.http.HttpServletRequest)
20:29:13 logback {restartedMain} INFO  o.s.w.s.m.m.a.RequestMappingHandlerMapping - Mapped "{[/user/pwd/mod],methods=[GET]}" onto public java.lang.String com.info.controllers.UserController.pwdMod()
20:29:13 logback {restartedMain} INFO  o.s.w.s.m.m.a.RequestMappingHandlerMapping - Mapped "{[/validateUserName],methods=[POST]}" onto public boolean com.info.controllers.UserController.validateUserName(java.lang.String)
20:29:13 logback {restartedMain} INFO  o.s.w.s.m.m.a.RequestMappingHandlerMapping - Mapped "{[/validateEmail],methods=[POST]}" onto public boolean com.info.controllers.UserController.validateEmail(java.lang.String)
20:29:13 logback {restartedMain} INFO  o.s.w.s.m.m.a.RequestMappingHandlerMapping - Mapped "{[/registationConfirm],methods=[GET]}" onto public java.lang.String com.info.controllers.UserController.registationConfirm(java.lang.String,org.springframework.web.servlet.mvc.support.RedirectAttributesModelMap)
20:29:13 logback {restartedMain} INFO  o.s.w.s.m.m.a.RequestMappingHandlerMapping - Mapped "{[/error]}" onto public org.springframework.http.ResponseEntity<java.util.Map<java.lang.String, java.lang.Object>> org.springframework.boot.autoconfigure.web.servlet.error.BasicErrorController.error(javax.servlet.http.HttpServletRequest)
20:29:13 logback {restartedMain} INFO  o.s.w.s.m.m.a.RequestMappingHandlerMapping - Mapped "{[/error],produces=[text/html]}" onto public org.springframework.web.servlet.ModelAndView org.springframework.boot.autoconfigure.web.servlet.error.BasicErrorController.errorHtml(javax.servlet.http.HttpServletRequest,javax.servlet.http.HttpServletResponse)
20:29:14 logback {restartedMain} INFO  com.info.DemoApplication - Running with Spring profile(s) : {}
20:29:17 logback {restartedMain} INFO  com.info.config.WebLocaleConfig - zh_CN
20:29:18 logback {restartedMain} INFO  o.s.s.web.DefaultSecurityFilterChain - Creating filter chain: org.springframework.security.web.util.matcher.AnyRequestMatcher@1, [org.springframework.security.web.context.request.async.WebAsyncManagerIntegrationFilter@ceed72f, org.springframework.security.web.context.SecurityContextPersistenceFilter@73d6b685, org.springframework.security.web.header.HeaderWriterFilter@461d3c45, org.springframework.security.web.csrf.CsrfFilter@73e4758f, org.springframework.security.web.authentication.logout.LogoutFilter@1b000ce7, org.springframework.security.web.authentication.UsernamePasswordAuthenticationFilter@741291a1, org.springframework.security.web.savedrequest.RequestCacheAwareFilter@6abffcf9, org.springframework.security.web.servletapi.SecurityContextHolderAwareRequestFilter@7d58dc1f, org.springframework.security.web.authentication.rememberme.RememberMeAuthenticationFilter@1519658f, org.springframework.security.web.authentication.AnonymousAuthenticationFilter@39728a4d, org.springframework.security.web.session.SessionManagementFilter@58184283, org.springframework.security.web.access.ExceptionTranslationFilter@35b4e8ee, org.springframework.security.web.access.intercept.FilterSecurityInterceptor@2079739e, org.springframework.security.web.access.intercept.FilterSecurityInterceptor@66a5e160]
20:29:20 logback {restartedMain} INFO  o.s.w.s.m.m.a.RequestMappingHandlerAdapter - Looking for @ControllerAdvice: org.springframework.boot.web.servlet.context.AnnotationConfigServletWebServerApplicationContext@222f4084: startup date [Tue May 08 20:28:57 CST 2018]; root of context hierarchy
20:29:21 logback {restartedMain} INFO  o.s.w.s.h.SimpleUrlHandlerMapping - Mapped URL path [/webjars/**] onto handler of type [class org.springframework.web.servlet.resource.ResourceHttpRequestHandler]
20:29:21 logback {restartedMain} INFO  o.s.w.s.h.SimpleUrlHandlerMapping - Mapped URL path [/**] onto handler of type [class org.springframework.web.servlet.resource.ResourceHttpRequestHandler]
20:29:21 logback {restartedMain} INFO  o.s.w.s.m.m.a.ExceptionHandlerExceptionResolver - Detected @ExceptionHandler methods in webExceptionHandler
20:29:21 logback {restartedMain} INFO  o.s.w.s.h.SimpleUrlHandlerMapping - Mapped URL path [/**/favicon.ico] onto handler of type [class org.springframework.web.servlet.resource.ResourceHttpRequestHandler]
20:29:22 logback {restartedMain} INFO  o.s.b.a.w.s.WelcomePageHandlerMapping - Adding welcome page template: index
20:29:24 logback {restartedMain} INFO  o.s.b.d.a.OptionalLiveReloadServer - LiveReload server is running on port 35729
20:29:24 logback {restartedMain} INFO  o.s.b.a.e.w.s.WebMvcEndpointHandlerMapping - Mapped "{[/actuator/health],methods=[GET],produces=[application/vnd.spring-boot.actuator.v2+json || application/json]}" onto public java.lang.Object org.springframework.boot.actuate.endpoint.web.servlet.AbstractWebMvcEndpointHandlerMapping$OperationHandler.handle(javax.servlet.http.HttpServletRequest,java.util.Map<java.lang.String, java.lang.String>)
20:29:24 logback {restartedMain} INFO  o.s.b.a.e.w.s.WebMvcEndpointHandlerMapping - Mapped "{[/actuator/info],methods=[GET],produces=[application/vnd.spring-boot.actuator.v2+json || application/json]}" onto public java.lang.Object org.springframework.boot.actuate.endpoint.web.servlet.AbstractWebMvcEndpointHandlerMapping$OperationHandler.handle(javax.servlet.http.HttpServletRequest,java.util.Map<java.lang.String, java.lang.String>)
20:29:24 logback {restartedMain} INFO  o.s.b.a.e.w.s.WebMvcEndpointHandlerMapping - Mapped "{[/actuator],methods=[GET],produces=[application/vnd.spring-boot.actuator.v2+json || application/json]}" onto protected java.util.Map<java.lang.String, java.util.Map<java.lang.String, org.springframework.boot.actuate.endpoint.web.Link>> org.springframework.boot.actuate.endpoint.web.servlet.WebMvcEndpointHandlerMapping.links(javax.servlet.http.HttpServletRequest,javax.servlet.http.HttpServletResponse)
20:29:25 logback {restartedMain} INFO  o.s.j.e.a.AnnotationMBeanExporter - Registering beans for JMX exposure on startup
20:29:25 logback {restartedMain} INFO  o.s.j.e.a.AnnotationMBeanExporter - Bean with name 'dataSource' has been autodetected for JMX exposure
20:29:25 logback {restartedMain} INFO  o.s.j.e.a.AnnotationMBeanExporter - Located MBean 'dataSource': registering with JMX server as MBean [com.zaxxer.hikari:name=dataSource,type=HikariDataSource]
20:29:25 logback {restartedMain} INFO  o.a.coyote.http11.Http11NioProtocol - Starting ProtocolHandler ["http-nio-8080"]
20:29:25 logback {restartedMain} INFO  o.a.tomcat.util.net.NioSelectorPool - Using a shared selector for servlet write/read
20:29:25 logback {restartedMain} INFO  o.s.b.w.e.tomcat.TomcatWebServer - Tomcat started on port(s): 8080 (http) with context path ''
20:29:25 logback {restartedMain} INFO  com.info.DemoApplication - Started DemoApplication in 29.69 seconds (JVM running for 31.849)
20:29:27 logback {http-nio-8080-exec-1} INFO  o.a.c.c.C.[Tomcat].[localhost].[/] - Initializing Spring FrameworkServlet 'dispatcherServlet'
20:29:27 logback {http-nio-8080-exec-1} INFO  o.s.web.servlet.DispatcherServlet - FrameworkServlet 'dispatcherServlet': initialization started
20:29:27 logback {http-nio-8080-exec-1} INFO  o.s.web.servlet.DispatcherServlet - FrameworkServlet 'dispatcherServlet': initialization completed in 65 ms
20:29:28 logback {http-nio-8080-exec-1} ERROR org.thymeleaf.TemplateEngine - [THYMELEAF][http-nio-8080-exec-1] Exception processing template "error": An error happened during template parsing (template: "class path resource [templates/error.html]")
org.thymeleaf.exceptions.TemplateInputException: An error happened during template parsing (template: "class path resource [templates/error.html]")
	at org.thymeleaf.templateparser.markup.AbstractMarkupTemplateParser.parse(AbstractMarkupTemplateParser.java:241)
	at org.thymeleaf.templateparser.markup.AbstractMarkupTemplateParser.parseStandalone(AbstractMarkupTemplateParser.java:100)
	at org.thymeleaf.engine.TemplateManager.parseAndProcess(TemplateManager.java:666)
	at org.thymeleaf.TemplateEngine.process(TemplateEngine.java:1098)
	at org.thymeleaf.TemplateEngine.process(TemplateEngine.java:1072)
	at org.thymeleaf.spring5.view.ThymeleafView.renderFragment(ThymeleafView.java:354)
	at org.thymeleaf.spring5.view.ThymeleafView.render(ThymeleafView.java:187)
	at org.springframework.web.servlet.DispatcherServlet.render(DispatcherServlet.java:1325)
	at org.springframework.web.servlet.DispatcherServlet.processDispatchResult(DispatcherServlet.java:1069)
	at org.springframework.web.servlet.DispatcherServlet.doDispatch(DispatcherServlet.java:1008)
	at org.springframework.web.servlet.DispatcherServlet.doService(DispatcherServlet.java:925)
	at org.springframework.web.servlet.FrameworkServlet.processRequest(FrameworkServlet.java:978)
	at org.springframework.web.servlet.FrameworkServlet.doGet(FrameworkServlet.java:870)
	at javax.servlet.http.HttpServlet.service(HttpServlet.java:635)
	at org.springframework.web.servlet.FrameworkServlet.service(FrameworkServlet.java:855)
	at javax.servlet.http.HttpServlet.service(HttpServlet.java:742)
	at org.apache.catalina.core.ApplicationFilterChain.internalDoFilter(ApplicationFilterChain.java:231)
	at org.apache.catalina.core.ApplicationFilterChain.doFilter(ApplicationFilterChain.java:166)
	at org.springframework.security.web.FilterChainProxy$VirtualFilterChain.doFilter(FilterChainProxy.java:320)
	at org.springframework.security.web.access.intercept.FilterSecurityInterceptor.invoke(FilterSecurityInterceptor.java:116)
	at org.springframework.security.web.access.intercept.FilterSecurityInterceptor.doFilter(FilterSecurityInterceptor.java:91)
	at org.springframework.security.web.FilterChainProxy$VirtualFilterChain.doFilter(FilterChainProxy.java:334)
	at org.springframework.security.web.access.intercept.FilterSecurityInterceptor.invoke(FilterSecurityInterceptor.java:116)
	at org.springframework.security.web.access.intercept.FilterSecurityInterceptor.doFilter(FilterSecurityInterceptor.java:91)
	at org.springframework.security.web.FilterChainProxy$VirtualFilterChain.doFilter(FilterChainProxy.java:334)
	at org.springframework.security.web.access.ExceptionTranslationFilter.doFilter(ExceptionTranslationFilter.java:119)
	at org.springframework.security.web.FilterChainProxy$VirtualFilterChain.doFilter(FilterChainProxy.java:334)
	at org.springframework.security.web.session.SessionManagementFilter.doFilter(SessionManagementFilter.java:84)
	at org.springframework.security.web.FilterChainProxy$VirtualFilterChain.doFilter(FilterChainProxy.java:334)
	at org.springframework.security.web.authentication.AnonymousAuthenticationFilter.doFilter(AnonymousAuthenticationFilter.java:111)
	at org.springframework.security.web.FilterChainProxy$VirtualFilterChain.doFilter(FilterChainProxy.java:334)
	at org.springframework.security.web.authentication.rememberme.RememberMeAuthenticationFilter.doFilter(RememberMeAuthenticationFilter.java:150)
	at org.springframework.security.web.FilterChainProxy$VirtualFilterChain.doFilter(FilterChainProxy.java:334)
	at org.springframework.security.web.servletapi.SecurityContextHolderAwareRequestFilter.doFilter(SecurityContextHolderAwareRequestFilter.java:170)
	at org.springframework.security.web.FilterChainProxy$VirtualFilterChain.doFilter(FilterChainProxy.java:334)
	at org.springframework.security.web.savedrequest.RequestCacheAwareFilter.doFilter(RequestCacheAwareFilter.java:63)
	at org.springframework.security.web.FilterChainProxy$VirtualFilterChain.doFilter(FilterChainProxy.java:334)
	at org.springframework.security.web.authentication.AbstractAuthenticationProcessingFilter.doFilter(AbstractAuthenticationProcessingFilter.java:200)
	at org.springframework.security.web.FilterChainProxy$VirtualFilterChain.doFilter(FilterChainProxy.java:334)
	at org.springframework.security.web.authentication.logout.LogoutFilter.doFilter(LogoutFilter.java:116)
	at org.springframework.security.web.FilterChainProxy$VirtualFilterChain.doFilter(FilterChainProxy.java:334)
	at org.springframework.web.filter.OncePerRequestFilter.doFilter(OncePerRequestFilter.java:101)
	at org.springframework.security.web.FilterChainProxy$VirtualFilterChain.doFilter(FilterChainProxy.java:334)
	at org.springframework.web.filter.OncePerRequestFilter.doFilter(OncePerRequestFilter.java:101)
	at org.springframework.security.web.FilterChainProxy$VirtualFilterChain.doFilter(FilterChainProxy.java:334)
	at org.springframework.security.web.context.SecurityContextPersistenceFilter.doFilter(SecurityContextPersistenceFilter.java:105)
	at org.springframework.security.web.FilterChainProxy$VirtualFilterChain.doFilter(FilterChainProxy.java:334)
	at org.springframework.web.filter.OncePerRequestFilter.doFilter(OncePerRequestFilter.java:101)
	at org.springframework.security.web.FilterChainProxy$VirtualFilterChain.doFilter(FilterChainProxy.java:334)
	at org.springframework.security.web.FilterChainProxy.doFilterInternal(FilterChainProxy.java:215)
	at org.springframework.security.web.FilterChainProxy.doFilter(FilterChainProxy.java:178)
	at org.springframework.web.filter.DelegatingFilterProxy.invokeDelegate(DelegatingFilterProxy.java:357)
	at org.springframework.web.filter.DelegatingFilterProxy.doFilter(DelegatingFilterProxy.java:270)
	at org.apache.catalina.core.ApplicationFilterChain.internalDoFilter(ApplicationFilterChain.java:193)
	at org.apache.catalina.core.ApplicationFilterChain.doFilter(ApplicationFilterChain.java:166)
	at org.apache.catalina.core.ApplicationDispatcher.invoke(ApplicationDispatcher.java:728)
	at org.apache.catalina.core.ApplicationDispatcher.processRequest(ApplicationDispatcher.java:472)
	at org.apache.catalina.core.ApplicationDispatcher.doForward(ApplicationDispatcher.java:395)
	at org.apache.catalina.core.ApplicationDispatcher.forward(ApplicationDispatcher.java:316)
	at org.apache.catalina.core.StandardHostValve.custom(StandardHostValve.java:395)
	at org.apache.catalina.core.StandardHostValve.status(StandardHostValve.java:254)
	at org.apache.catalina.core.StandardHostValve.invoke(StandardHostValve.java:177)
	at org.apache.catalina.valves.ErrorReportValve.invoke(ErrorReportValve.java:81)
	at org.apache.catalina.core.StandardEngineValve.invoke(StandardEngineValve.java:87)
	at org.apache.catalina.connector.CoyoteAdapter.service(CoyoteAdapter.java:342)
	at org.apache.coyote.http11.Http11Processor.service(Http11Processor.java:803)
	at org.apache.coyote.AbstractProcessorLight.process(AbstractProcessorLight.java:66)
	at org.apache.coyote.AbstractProtocol$ConnectionHandler.process(AbstractProtocol.java:790)
	at org.apache.tomcat.util.net.NioEndpoint$SocketProcessor.doRun(NioEndpoint.java:1459)
	at org.apache.tomcat.util.net.SocketProcessorBase.run(SocketProcessorBase.java:49)
	at java.util.concurrent.ThreadPoolExecutor.runWorker(Unknown Source)
	at java.util.concurrent.ThreadPoolExecutor$Worker.run(Unknown Source)
	at org.apache.tomcat.util.threads.TaskThread$WrappingRunnable.run(TaskThread.java:61)
	at java.lang.Thread.run(Unknown Source)
Caused by: org.attoparser.ParseException: Exception evaluating SpringEL expression: "exception.message" (template: "error" - line 18, col 10)
	at org.attoparser.MarkupParser.parseDocument(MarkupParser.java:393)
	at org.attoparser.MarkupParser.parse(MarkupParser.java:257)
	at org.thymeleaf.templateparser.markup.AbstractMarkupTemplateParser.parse(AbstractMarkupTemplateParser.java:230)
	... 73 common frames omitted
Caused by: org.thymeleaf.exceptions.TemplateProcessingException: Exception evaluating SpringEL expression: "exception.message" (template: "error" - line 18, col 10)
	at org.thymeleaf.spring5.expression.SPELVariableExpressionEvaluator.evaluate(SPELVariableExpressionEvaluator.java:290)
	at org.thymeleaf.standard.expression.VariableExpression.executeVariableExpression(VariableExpression.java:165)
	at org.thymeleaf.standard.expression.SimpleExpression.executeSimple(SimpleExpression.java:66)
	at org.thymeleaf.standard.expression.Expression.execute(Expression.java:109)
	at org.thymeleaf.standard.expression.Expression.execute(Expression.java:138)
	at org.thymeleaf.standard.expression.Expression.execute(Expression.java:125)
	at org.thymeleaf.standard.processor.StandardIfTagProcessor.isVisible(StandardIfTagProcessor.java:59)
	at org.thymeleaf.standard.processor.AbstractStandardConditionalVisibilityTagProcessor.doProcess(AbstractStandardConditionalVisibilityTagProcessor.java:61)
	at org.thymeleaf.processor.element.AbstractAttributeTagProcessor.doProcess(AbstractAttributeTagProcessor.java:74)
	at org.thymeleaf.processor.element.AbstractElementTagProcessor.process(AbstractElementTagProcessor.java:95)
	at org.thymeleaf.util.ProcessorConfigurationUtils$ElementTagProcessorWrapper.process(ProcessorConfigurationUtils.java:633)
	at org.thymeleaf.engine.ProcessorTemplateHandler.handleOpenElement(ProcessorTemplateHandler.java:1314)
	at org.thymeleaf.engine.TemplateHandlerAdapterMarkupHandler.handleOpenElementEnd(TemplateHandlerAdapterMarkupHandler.java:304)
	at org.thymeleaf.templateparser.markup.InlinedOutputExpressionMarkupHandler$InlineMarkupAdapterPreProcessorHandler.handleOpenElementEnd(InlinedOutputExpressionMarkupHandler.java:278)
	at org.thymeleaf.standard.inline.OutputExpressionInlinePreProcessorHandler.handleOpenElementEnd(OutputExpressionInlinePreProcessorHandler.java:186)
	at org.thymeleaf.templateparser.markup.InlinedOutputExpressionMarkupHandler.handleOpenElementEnd(InlinedOutputExpressionMarkupHandler.java:124)
	at org.attoparser.HtmlElement.handleOpenElementEnd(HtmlElement.java:109)
	at org.attoparser.HtmlMarkupHandler.handleOpenElementEnd(HtmlMarkupHandler.java:297)
	at org.attoparser.MarkupEventProcessorHandler.handleOpenElementEnd(MarkupEventProcessorHandler.java:402)
	at org.attoparser.ParsingElementMarkupUtil.parseOpenElement(ParsingElementMarkupUtil.java:159)
	at org.attoparser.MarkupParser.parseBuffer(MarkupParser.java:710)
	at org.attoparser.MarkupParser.parseDocument(MarkupParser.java:301)
	... 75 common frames omitted
Caused by: org.springframework.expression.spel.SpelEvaluationException: EL1007E: Property or field 'message' cannot be found on null
	at org.springframework.expression.spel.ast.PropertyOrFieldReference.readProperty(PropertyOrFieldReference.java:209)
	at org.springframework.expression.spel.ast.PropertyOrFieldReference.getValueInternal(PropertyOrFieldReference.java:100)
	at org.springframework.expression.spel.ast.PropertyOrFieldReference.access$000(PropertyOrFieldReference.java:50)
	at org.springframework.expression.spel.ast.PropertyOrFieldReference$AccessorLValue.getValue(PropertyOrFieldReference.java:368)
	at org.springframework.expression.spel.ast.CompoundExpression.getValueInternal(CompoundExpression.java:89)
	at org.springframework.expression.spel.ast.SpelNodeImpl.getValue(SpelNodeImpl.java:111)
	at org.springframework.expression.spel.standard.SpelExpression.getValue(SpelExpression.java:334)
	at org.thymeleaf.spring5.expression.SPELVariableExpressionEvaluator.evaluate(SPELVariableExpressionEvaluator.java:263)
	... 96 common frames omitted
20:29:28 logback {http-nio-8080-exec-1} ERROR o.a.c.c.C.[.[.[.[dispatcherServlet] - Servlet.service() for servlet [dispatcherServlet] threw exception
org.springframework.expression.spel.SpelEvaluationException: EL1007E: Property or field 'message' cannot be found on null
	at org.springframework.expression.spel.ast.PropertyOrFieldReference.readProperty(PropertyOrFieldReference.java:209)
	at org.springframework.expression.spel.ast.PropertyOrFieldReference.getValueInternal(PropertyOrFieldReference.java:100)
	at org.springframework.expression.spel.ast.PropertyOrFieldReference.access$000(PropertyOrFieldReference.java:50)
	at org.springframework.expression.spel.ast.PropertyOrFieldReference$AccessorLValue.getValue(PropertyOrFieldReference.java:368)
	at org.springframework.expression.spel.ast.CompoundExpression.getValueInternal(CompoundExpression.java:89)
	at org.springframework.expression.spel.ast.SpelNodeImpl.getValue(SpelNodeImpl.java:111)
	at org.springframework.expression.spel.standard.SpelExpression.getValue(SpelExpression.java:334)
	at org.thymeleaf.spring5.expression.SPELVariableExpressionEvaluator.evaluate(SPELVariableExpressionEvaluator.java:263)
	at org.thymeleaf.standard.expression.VariableExpression.executeVariableExpression(VariableExpression.java:165)
	at org.thymeleaf.standard.expression.SimpleExpression.executeSimple(SimpleExpression.java:66)
	at org.thymeleaf.standard.expression.Expression.execute(Expression.java:109)
	at org.thymeleaf.standard.expression.Expression.execute(Expression.java:138)
	at org.thymeleaf.standard.expression.Expression.execute(Expression.java:125)
	at org.thymeleaf.standard.processor.StandardIfTagProcessor.isVisible(StandardIfTagProcessor.java:59)
	at org.thymeleaf.standard.processor.AbstractStandardConditionalVisibilityTagProcessor.doProcess(AbstractStandardConditionalVisibilityTagProcessor.java:61)
	at org.thymeleaf.processor.element.AbstractAttributeTagProcessor.doProcess(AbstractAttributeTagProcessor.java:74)
	at org.thymeleaf.processor.element.AbstractElementTagProcessor.process(AbstractElementTagProcessor.java:95)
	at org.thymeleaf.util.ProcessorConfigurationUtils$ElementTagProcessorWrapper.process(ProcessorConfigurationUtils.java:633)
	at org.thymeleaf.engine.ProcessorTemplateHandler.handleOpenElement(ProcessorTemplateHandler.java:1314)
	at org.thymeleaf.engine.TemplateHandlerAdapterMarkupHandler.handleOpenElementEnd(TemplateHandlerAdapterMarkupHandler.java:304)
	at org.thymeleaf.templateparser.markup.InlinedOutputExpressionMarkupHandler$InlineMarkupAdapterPreProcessorHandler.handleOpenElementEnd(InlinedOutputExpressionMarkupHandler.java:278)
	at org.thymeleaf.standard.inline.OutputExpressionInlinePreProcessorHandler.handleOpenElementEnd(OutputExpressionInlinePreProcessorHandler.java:186)
	at org.thymeleaf.templateparser.markup.InlinedOutputExpressionMarkupHandler.handleOpenElementEnd(InlinedOutputExpressionMarkupHandler.java:124)
	at org.attoparser.HtmlElement.handleOpenElementEnd(HtmlElement.java:109)
	at org.attoparser.HtmlMarkupHandler.handleOpenElementEnd(HtmlMarkupHandler.java:297)
	at org.attoparser.MarkupEventProcessorHandler.handleOpenElementEnd(MarkupEventProcessorHandler.java:402)
	at org.attoparser.ParsingElementMarkupUtil.parseOpenElement(ParsingElementMarkupUtil.java:159)
	at org.attoparser.MarkupParser.parseBuffer(MarkupParser.java:710)
	at org.attoparser.MarkupParser.parseDocument(MarkupParser.java:301)
	at org.attoparser.MarkupParser.parse(MarkupParser.java:257)
	at org.thymeleaf.templateparser.markup.AbstractMarkupTemplateParser.parse(AbstractMarkupTemplateParser.java:230)
	at org.thymeleaf.templateparser.markup.AbstractMarkupTemplateParser.parseStandalone(AbstractMarkupTemplateParser.java:100)
	at org.thymeleaf.engine.TemplateManager.parseAndProcess(TemplateManager.java:666)
	at org.thymeleaf.TemplateEngine.process(TemplateEngine.java:1098)
	at org.thymeleaf.TemplateEngine.process(TemplateEngine.java:1072)
	at org.thymeleaf.spring5.view.ThymeleafView.renderFragment(ThymeleafView.java:354)
	at org.thymeleaf.spring5.view.ThymeleafView.render(ThymeleafView.java:187)
	at org.springframework.web.servlet.DispatcherServlet.render(DispatcherServlet.java:1325)
	at org.springframework.web.servlet.DispatcherServlet.processDispatchResult(DispatcherServlet.java:1069)
	at org.springframework.web.servlet.DispatcherServlet.doDispatch(DispatcherServlet.java:1008)
	at org.springframework.web.servlet.DispatcherServlet.doService(DispatcherServlet.java:925)
	at org.springframework.web.servlet.FrameworkServlet.processRequest(FrameworkServlet.java:978)
	at org.springframework.web.servlet.FrameworkServlet.doGet(FrameworkServlet.java:870)
	at javax.servlet.http.HttpServlet.service(HttpServlet.java:635)
	at org.springframework.web.servlet.FrameworkServlet.service(FrameworkServlet.java:855)
	at javax.servlet.http.HttpServlet.service(HttpServlet.java:742)
	at org.apache.catalina.core.ApplicationFilterChain.internalDoFilter(ApplicationFilterChain.java:231)
	at org.apache.catalina.core.ApplicationFilterChain.doFilter(ApplicationFilterChain.java:166)
	at org.springframework.security.web.FilterChainProxy$VirtualFilterChain.doFilter(FilterChainProxy.java:320)
	at org.springframework.security.web.access.intercept.FilterSecurityInterceptor.invoke(FilterSecurityInterceptor.java:116)
	at org.springframework.security.web.access.intercept.FilterSecurityInterceptor.doFilter(FilterSecurityInterceptor.java:91)
	at org.springframework.security.web.FilterChainProxy$VirtualFilterChain.doFilter(FilterChainProxy.java:334)
	at org.springframework.security.web.access.intercept.FilterSecurityInterceptor.invoke(FilterSecurityInterceptor.java:116)
	at org.springframework.security.web.access.intercept.FilterSecurityInterceptor.doFilter(FilterSecurityInterceptor.java:91)
	at org.springframework.security.web.FilterChainProxy$VirtualFilterChain.doFilter(FilterChainProxy.java:334)
	at org.springframework.security.web.access.ExceptionTranslationFilter.doFilter(ExceptionTranslationFilter.java:119)
	at org.springframework.security.web.FilterChainProxy$VirtualFilterChain.doFilter(FilterChainProxy.java:334)
	at org.springframework.security.web.session.SessionManagementFilter.doFilter(SessionManagementFilter.java:84)
	at org.springframework.security.web.FilterChainProxy$VirtualFilterChain.doFilter(FilterChainProxy.java:334)
	at org.springframework.security.web.authentication.AnonymousAuthenticationFilter.doFilter(AnonymousAuthenticationFilter.java:111)
	at org.springframework.security.web.FilterChainProxy$VirtualFilterChain.doFilter(FilterChainProxy.java:334)
	at org.springframework.security.web.authentication.rememberme.RememberMeAuthenticationFilter.doFilter(RememberMeAuthenticationFilter.java:150)
	at org.springframework.security.web.FilterChainProxy$VirtualFilterChain.doFilter(FilterChainProxy.java:334)
	at org.springframework.security.web.servletapi.SecurityContextHolderAwareRequestFilter.doFilter(SecurityContextHolderAwareRequestFilter.java:170)
	at org.springframework.security.web.FilterChainProxy$VirtualFilterChain.doFilter(FilterChainProxy.java:334)
	at org.springframework.security.web.savedrequest.RequestCacheAwareFilter.doFilter(RequestCacheAwareFilter.java:63)
	at org.springframework.security.web.FilterChainProxy$VirtualFilterChain.doFilter(FilterChainProxy.java:334)
	at org.springframework.security.web.authentication.AbstractAuthenticationProcessingFilter.doFilter(AbstractAuthenticationProcessingFilter.java:200)
	at org.springframework.security.web.FilterChainProxy$VirtualFilterChain.doFilter(FilterChainProxy.java:334)
	at org.springframework.security.web.authentication.logout.LogoutFilter.doFilter(LogoutFilter.java:116)
	at org.springframework.security.web.FilterChainProxy$VirtualFilterChain.doFilter(FilterChainProxy.java:334)
	at org.springframework.web.filter.OncePerRequestFilter.doFilter(OncePerRequestFilter.java:101)
	at org.springframework.security.web.FilterChainProxy$VirtualFilterChain.doFilter(FilterChainProxy.java:334)
	at org.springframework.web.filter.OncePerRequestFilter.doFilter(OncePerRequestFilter.java:101)
	at org.springframework.security.web.FilterChainProxy$VirtualFilterChain.doFilter(FilterChainProxy.java:334)
	at org.springframework.security.web.context.SecurityContextPersistenceFilter.doFilter(SecurityContextPersistenceFilter.java:105)
	at org.springframework.security.web.FilterChainProxy$VirtualFilterChain.doFilter(FilterChainProxy.java:334)
	at org.springframework.web.filter.OncePerRequestFilter.doFilter(OncePerRequestFilter.java:101)
	at org.springframework.security.web.FilterChainProxy$VirtualFilterChain.doFilter(FilterChainProxy.java:334)
	at org.springframework.security.web.FilterChainProxy.doFilterInternal(FilterChainProxy.java:215)
	at org.springframework.security.web.FilterChainProxy.doFilter(FilterChainProxy.java:178)
	at org.springframework.web.filter.DelegatingFilterProxy.invokeDelegate(DelegatingFilterProxy.java:357)
	at org.springframework.web.filter.DelegatingFilterProxy.doFilter(DelegatingFilterProxy.java:270)
	at org.apache.catalina.core.ApplicationFilterChain.internalDoFilter(ApplicationFilterChain.java:193)
	at org.apache.catalina.core.ApplicationFilterChain.doFilter(ApplicationFilterChain.java:166)
	at org.apache.catalina.core.ApplicationDispatcher.invoke(ApplicationDispatcher.java:728)
	at org.apache.catalina.core.ApplicationDispatcher.processRequest(ApplicationDispatcher.java:472)
	at org.apache.catalina.core.ApplicationDispatcher.doForward(ApplicationDispatcher.java:395)
	at org.apache.catalina.core.ApplicationDispatcher.forward(ApplicationDispatcher.java:316)
	at org.apache.catalina.core.StandardHostValve.custom(StandardHostValve.java:395)
	at org.apache.catalina.core.StandardHostValve.status(StandardHostValve.java:254)
	at org.apache.catalina.core.StandardHostValve.invoke(StandardHostValve.java:177)
	at org.apache.catalina.valves.ErrorReportValve.invoke(ErrorReportValve.java:81)
	at org.apache.catalina.core.StandardEngineValve.invoke(StandardEngineValve.java:87)
	at org.apache.catalina.connector.CoyoteAdapter.service(CoyoteAdapter.java:342)
	at org.apache.coyote.http11.Http11Processor.service(Http11Processor.java:803)
	at org.apache.coyote.AbstractProcessorLight.process(AbstractProcessorLight.java:66)
	at org.apache.coyote.AbstractProtocol$ConnectionHandler.process(AbstractProtocol.java:790)
	at org.apache.tomcat.util.net.NioEndpoint$SocketProcessor.doRun(NioEndpoint.java:1459)
	at org.apache.tomcat.util.net.SocketProcessorBase.run(SocketProcessorBase.java:49)
	at java.util.concurrent.ThreadPoolExecutor.runWorker(Unknown Source)
	at java.util.concurrent.ThreadPoolExecutor$Worker.run(Unknown Source)
	at org.apache.tomcat.util.threads.TaskThread$WrappingRunnable.run(TaskThread.java:61)
	at java.lang.Thread.run(Unknown Source)
20:29:28 logback {http-nio-8080-exec-1} ERROR o.a.c.c.C.[Tomcat].[localhost] - Exception Processing ErrorPage[errorCode=0, location=/error]
org.springframework.web.util.NestedServletException: Request processing failed; nested exception is org.thymeleaf.exceptions.TemplateInputException: An error happened during template parsing (template: "class path resource [templates/error.html]")
	at org.springframework.web.servlet.FrameworkServlet.processRequest(FrameworkServlet.java:986)
	at org.springframework.web.servlet.FrameworkServlet.doGet(FrameworkServlet.java:870)
	at javax.servlet.http.HttpServlet.service(HttpServlet.java:635)
	at org.springframework.web.servlet.FrameworkServlet.service(FrameworkServlet.java:855)
	at javax.servlet.http.HttpServlet.service(HttpServlet.java:742)
	at org.apache.catalina.core.ApplicationFilterChain.internalDoFilter(ApplicationFilterChain.java:231)
	at org.apache.catalina.core.ApplicationFilterChain.doFilter(ApplicationFilterChain.java:166)
	at org.springframework.security.web.FilterChainProxy$VirtualFilterChain.doFilter(FilterChainProxy.java:320)
	at org.springframework.security.web.access.intercept.FilterSecurityInterceptor.invoke(FilterSecurityInterceptor.java:116)
	at org.springframework.security.web.access.intercept.FilterSecurityInterceptor.doFilter(FilterSecurityInterceptor.java:91)
	at org.springframework.security.web.FilterChainProxy$VirtualFilterChain.doFilter(FilterChainProxy.java:334)
	at org.springframework.security.web.access.intercept.FilterSecurityInterceptor.invoke(FilterSecurityInterceptor.java:116)
	at org.springframework.security.web.access.intercept.FilterSecurityInterceptor.doFilter(FilterSecurityInterceptor.java:91)
	at org.springframework.security.web.FilterChainProxy$VirtualFilterChain.doFilter(FilterChainProxy.java:334)
	at org.springframework.security.web.access.ExceptionTranslationFilter.doFilter(ExceptionTranslationFilter.java:119)
	at org.springframework.security.web.FilterChainProxy$VirtualFilterChain.doFilter(FilterChainProxy.java:334)
	at org.springframework.security.web.session.SessionManagementFilter.doFilter(SessionManagementFilter.java:84)
	at org.springframework.security.web.FilterChainProxy$VirtualFilterChain.doFilter(FilterChainProxy.java:334)
	at org.springframework.security.web.authentication.AnonymousAuthenticationFilter.doFilter(AnonymousAuthenticationFilter.java:111)
	at org.springframework.security.web.FilterChainProxy$VirtualFilterChain.doFilter(FilterChainProxy.java:334)
	at org.springframework.security.web.authentication.rememberme.RememberMeAuthenticationFilter.doFilter(RememberMeAuthenticationFilter.java:150)
	at org.springframework.security.web.FilterChainProxy$VirtualFilterChain.doFilter(FilterChainProxy.java:334)
	at org.springframework.security.web.servletapi.SecurityContextHolderAwareRequestFilter.doFilter(SecurityContextHolderAwareRequestFilter.java:170)
	at org.springframework.security.web.FilterChainProxy$VirtualFilterChain.doFilter(FilterChainProxy.java:334)
	at org.springframework.security.web.savedrequest.RequestCacheAwareFilter.doFilter(RequestCacheAwareFilter.java:63)
	at org.springframework.security.web.FilterChainProxy$VirtualFilterChain.doFilter(FilterChainProxy.java:334)
	at org.springframework.security.web.authentication.AbstractAuthenticationProcessingFilter.doFilter(AbstractAuthenticationProcessingFilter.java:200)
	at org.springframework.security.web.FilterChainProxy$VirtualFilterChain.doFilter(FilterChainProxy.java:334)
	at org.springframework.security.web.authentication.logout.LogoutFilter.doFilter(LogoutFilter.java:116)
	at org.springframework.security.web.FilterChainProxy$VirtualFilterChain.doFilter(FilterChainProxy.java:334)
	at org.springframework.web.filter.OncePerRequestFilter.doFilter(OncePerRequestFilter.java:101)
	at org.springframework.security.web.FilterChainProxy$VirtualFilterChain.doFilter(FilterChainProxy.java:334)
	at org.springframework.web.filter.OncePerRequestFilter.doFilter(OncePerRequestFilter.java:101)
	at org.springframework.security.web.FilterChainProxy$VirtualFilterChain.doFilter(FilterChainProxy.java:334)
	at org.springframework.security.web.context.SecurityContextPersistenceFilter.doFilter(SecurityContextPersistenceFilter.java:105)
	at org.springframework.security.web.FilterChainProxy$VirtualFilterChain.doFilter(FilterChainProxy.java:334)
	at org.springframework.web.filter.OncePerRequestFilter.doFilter(OncePerRequestFilter.java:101)
	at org.springframework.security.web.FilterChainProxy$VirtualFilterChain.doFilter(FilterChainProxy.java:334)
	at org.springframework.security.web.FilterChainProxy.doFilterInternal(FilterChainProxy.java:215)
	at org.springframework.security.web.FilterChainProxy.doFilter(FilterChainProxy.java:178)
	at org.springframework.web.filter.DelegatingFilterProxy.invokeDelegate(DelegatingFilterProxy.java:357)
	at org.springframework.web.filter.DelegatingFilterProxy.doFilter(DelegatingFilterProxy.java:270)
	at org.apache.catalina.core.ApplicationFilterChain.internalDoFilter(ApplicationFilterChain.java:193)
	at org.apache.catalina.core.ApplicationFilterChain.doFilter(ApplicationFilterChain.java:166)
	at org.apache.catalina.core.ApplicationDispatcher.invoke(ApplicationDispatcher.java:728)
	at org.apache.catalina.core.ApplicationDispatcher.processRequest(ApplicationDispatcher.java:472)
	at org.apache.catalina.core.ApplicationDispatcher.doForward(ApplicationDispatcher.java:395)
	at org.apache.catalina.core.ApplicationDispatcher.forward(ApplicationDispatcher.java:316)
	at org.apache.catalina.core.StandardHostValve.custom(StandardHostValve.java:395)
	at org.apache.catalina.core.StandardHostValve.status(StandardHostValve.java:254)
	at org.apache.catalina.core.StandardHostValve.invoke(StandardHostValve.java:177)
	at org.apache.catalina.valves.ErrorReportValve.invoke(ErrorReportValve.java:81)
	at org.apache.catalina.core.StandardEngineValve.invoke(StandardEngineValve.java:87)
	at org.apache.catalina.connector.CoyoteAdapter.service(CoyoteAdapter.java:342)
	at org.apache.coyote.http11.Http11Processor.service(Http11Processor.java:803)
	at org.apache.coyote.AbstractProcessorLight.process(AbstractProcessorLight.java:66)
	at org.apache.coyote.AbstractProtocol$ConnectionHandler.process(AbstractProtocol.java:790)
	at org.apache.tomcat.util.net.NioEndpoint$SocketProcessor.doRun(NioEndpoint.java:1459)
	at org.apache.tomcat.util.net.SocketProcessorBase.run(SocketProcessorBase.java:49)
	at java.util.concurrent.ThreadPoolExecutor.runWorker(Unknown Source)
	at java.util.concurrent.ThreadPoolExecutor$Worker.run(Unknown Source)
	at org.apache.tomcat.util.threads.TaskThread$WrappingRunnable.run(TaskThread.java:61)
	at java.lang.Thread.run(Unknown Source)
Caused by: org.thymeleaf.exceptions.TemplateInputException: An error happened during template parsing (template: "class path resource [templates/error.html]")
	at org.thymeleaf.templateparser.markup.AbstractMarkupTemplateParser.parse(AbstractMarkupTemplateParser.java:241)
	at org.thymeleaf.templateparser.markup.AbstractMarkupTemplateParser.parseStandalone(AbstractMarkupTemplateParser.java:100)
	at org.thymeleaf.engine.TemplateManager.parseAndProcess(TemplateManager.java:666)
	at org.thymeleaf.TemplateEngine.process(TemplateEngine.java:1098)
	at org.thymeleaf.TemplateEngine.process(TemplateEngine.java:1072)
	at org.thymeleaf.spring5.view.ThymeleafView.renderFragment(ThymeleafView.java:354)
	at org.thymeleaf.spring5.view.ThymeleafView.render(ThymeleafView.java:187)
	at org.springframework.web.servlet.DispatcherServlet.render(DispatcherServlet.java:1325)
	at org.springframework.web.servlet.DispatcherServlet.processDispatchResult(DispatcherServlet.java:1069)
	at org.springframework.web.servlet.DispatcherServlet.doDispatch(DispatcherServlet.java:1008)
	at org.springframework.web.servlet.DispatcherServlet.doService(DispatcherServlet.java:925)
	at org.springframework.web.servlet.FrameworkServlet.processRequest(FrameworkServlet.java:978)
	... 62 common frames omitted
Caused by: org.attoparser.ParseException: Exception evaluating SpringEL expression: "exception.message" (template: "error" - line 18, col 10)
	at org.attoparser.MarkupParser.parseDocument(MarkupParser.java:393)
	at org.attoparser.MarkupParser.parse(MarkupParser.java:257)
	at org.thymeleaf.templateparser.markup.AbstractMarkupTemplateParser.parse(AbstractMarkupTemplateParser.java:230)
	... 73 common frames omitted
Caused by: org.thymeleaf.exceptions.TemplateProcessingException: Exception evaluating SpringEL expression: "exception.message" (template: "error" - line 18, col 10)
	at org.thymeleaf.spring5.expression.SPELVariableExpressionEvaluator.evaluate(SPELVariableExpressionEvaluator.java:290)
	at org.thymeleaf.standard.expression.VariableExpression.executeVariableExpression(VariableExpression.java:165)
	at org.thymeleaf.standard.expression.SimpleExpression.executeSimple(SimpleExpression.java:66)
	at org.thymeleaf.standard.expression.Expression.execute(Expression.java:109)
	at org.thymeleaf.standard.expression.Expression.execute(Expression.java:138)
	at org.thymeleaf.standard.expression.Expression.execute(Expression.java:125)
	at org.thymeleaf.standard.processor.StandardIfTagProcessor.isVisible(StandardIfTagProcessor.java:59)
	at org.thymeleaf.standard.processor.AbstractStandardConditionalVisibilityTagProcessor.doProcess(AbstractStandardConditionalVisibilityTagProcessor.java:61)
	at org.thymeleaf.processor.element.AbstractAttributeTagProcessor.doProcess(AbstractAttributeTagProcessor.java:74)
	at org.thymeleaf.processor.element.AbstractElementTagProcessor.process(AbstractElementTagProcessor.java:95)
	at org.thymeleaf.util.ProcessorConfigurationUtils$ElementTagProcessorWrapper.process(ProcessorConfigurationUtils.java:633)
	at org.thymeleaf.engine.ProcessorTemplateHandler.handleOpenElement(ProcessorTemplateHandler.java:1314)
	at org.thymeleaf.engine.TemplateHandlerAdapterMarkupHandler.handleOpenElementEnd(TemplateHandlerAdapterMarkupHandler.java:304)
	at org.thymeleaf.templateparser.markup.InlinedOutputExpressionMarkupHandler$InlineMarkupAdapterPreProcessorHandler.handleOpenElementEnd(InlinedOutputExpressionMarkupHandler.java:278)
	at org.thymeleaf.standard.inline.OutputExpressionInlinePreProcessorHandler.handleOpenElementEnd(OutputExpressionInlinePreProcessorHandler.java:186)
	at org.thymeleaf.templateparser.markup.InlinedOutputExpressionMarkupHandler.handleOpenElementEnd(InlinedOutputExpressionMarkupHandler.java:124)
	at org.attoparser.HtmlElement.handleOpenElementEnd(HtmlElement.java:109)
	at org.attoparser.HtmlMarkupHandler.handleOpenElementEnd(HtmlMarkupHandler.java:297)
	at org.attoparser.MarkupEventProcessorHandler.handleOpenElementEnd(MarkupEventProcessorHandler.java:402)
	at org.attoparser.ParsingElementMarkupUtil.parseOpenElement(ParsingElementMarkupUtil.java:159)
	at org.attoparser.MarkupParser.parseBuffer(MarkupParser.java:710)
	at org.attoparser.MarkupParser.parseDocument(MarkupParser.java:301)
	... 75 common frames omitted
Caused by: org.springframework.expression.spel.SpelEvaluationException: EL1007E: Property or field 'message' cannot be found on null
	at org.springframework.expression.spel.ast.PropertyOrFieldReference.readProperty(PropertyOrFieldReference.java:209)
	at org.springframework.expression.spel.ast.PropertyOrFieldReference.getValueInternal(PropertyOrFieldReference.java:100)
	at org.springframework.expression.spel.ast.PropertyOrFieldReference.access$000(PropertyOrFieldReference.java:50)
	at org.springframework.expression.spel.ast.PropertyOrFieldReference$AccessorLValue.getValue(PropertyOrFieldReference.java:368)
	at org.springframework.expression.spel.ast.CompoundExpression.getValueInternal(CompoundExpression.java:89)
	at org.springframework.expression.spel.ast.SpelNodeImpl.getValue(SpelNodeImpl.java:111)
	at org.springframework.expression.spel.standard.SpelExpression.getValue(SpelExpression.java:334)
	at org.thymeleaf.spring5.expression.SPELVariableExpressionEvaluator.evaluate(SPELVariableExpressionEvaluator.java:263)
	... 96 common frames omitted
20:29:30 logback {http-nio-8080-exec-3} INFO  com.info.aspect.CtrlAspect - url=http://localhost:8080/
20:29:30 logback {http-nio-8080-exec-3} INFO  com.info.aspect.CtrlAspect - method=GET
20:29:30 logback {http-nio-8080-exec-3} INFO  com.info.aspect.CtrlAspect - method=0:0:0:0:0:0:0:1
20:29:30 logback {http-nio-8080-exec-3} INFO  com.info.aspect.CtrlAspect - class_method=com.info.controllers.IndexController
20:29:30 logback {http-nio-8080-exec-3} INFO  com.info.aspect.CtrlAspect - class_method_attrs={}
20:29:30 logback {http-nio-8080-exec-3} INFO  com.info.aspect.CtrlAspect - com.info.controllers.IndexController
20:29:30 logback {http-nio-8080-exec-3} INFO  com.info.aspect.CtrlAspect - response=redirect:/index
20:29:30 logback {http-nio-8080-exec-3} INFO  com.info.aspect.CtrlAspect - url=http://localhost:8080/index
20:29:30 logback {http-nio-8080-exec-3} INFO  com.info.aspect.CtrlAspect - method=GET
20:29:30 logback {http-nio-8080-exec-3} INFO  com.info.aspect.CtrlAspect - method=0:0:0:0:0:0:0:1
20:29:30 logback {http-nio-8080-exec-3} INFO  com.info.aspect.CtrlAspect - class_method=com.info.controllers.IndexController
20:29:30 logback {http-nio-8080-exec-3} INFO  com.info.aspect.CtrlAspect - class_method_attrs={}
20:29:30 logback {http-nio-8080-exec-3} INFO  com.info.aspect.CtrlAspect - com.info.controllers.IndexController
20:29:30 logback {http-nio-8080-exec-3} INFO  com.info.aspect.CtrlAspect - response=index
20:29:30 logback {http-nio-8080-exec-3} INFO  com.info.aspect.CtrlAspect - url=http://localhost:8080/decorators/default
20:29:30 logback {http-nio-8080-exec-3} INFO  com.info.aspect.CtrlAspect - method=GET
20:29:30 logback {http-nio-8080-exec-3} INFO  com.info.aspect.CtrlAspect - method=0:0:0:0:0:0:0:1
20:29:30 logback {http-nio-8080-exec-3} INFO  com.info.aspect.CtrlAspect - class_method=com.info.controllers.DecoratorController
20:29:30 logback {http-nio-8080-exec-3} INFO  com.info.aspect.CtrlAspect - class_method_attrs={}
20:29:30 logback {http-nio-8080-exec-3} INFO  com.info.aspect.CtrlAspect - com.info.controllers.DecoratorController
20:29:30 logback {http-nio-8080-exec-3} INFO  com.info.aspect.CtrlAspect - response=/decorators/decorator-default
