10:57:04 logback {restartedMain} INFO  com.info.DemoApplication - Starting DemoApplication on Lenovo-480766 with PID 1324 (C:\Users\Administrator\git\ssh\target\classes started by Administrator in C:\Users\Administrator\git\ssh)
10:57:04 logback {restartedMain} INFO  com.info.DemoApplication - No active profile set, falling back to default profiles: default
10:57:04 logback {restartedMain} INFO  o.s.b.w.s.c.AnnotationConfigServletWebServerApplicationContext - Refreshing org.springframework.boot.web.servlet.context.AnnotationConfigServletWebServerApplicationContext@d20fcc: startup date [Fri Apr 20 10:57:04 CST 2018]; root of context hierarchy
10:57:05 logback {restartedMain} INFO  o.s.b.f.s.DefaultListableBeanFactory - Overriding bean definition for bean 'dataSource' with a different definition: replacing [Root bean: class [null]; scope=; abstract=false; lazyInit=false; autowireMode=3; dependencyCheck=0; autowireCandidate=true; primary=false; factoryBeanName=org.springframework.boot.autoconfigure.jdbc.DataSourceConfiguration$Generic; factoryMethodName=dataSource; initMethodName=null; destroyMethodName=(inferred); defined in class path resource [org/springframework/boot/autoconfigure/jdbc/DataSourceConfiguration$Generic.class]] with [Root bean: class [null]; scope=; abstract=false; lazyInit=false; autowireMode=3; dependencyCheck=0; autowireCandidate=true; primary=false; factoryBeanName=org.springframework.boot.autoconfigure.jdbc.DataSourceConfiguration$Hikari; factoryMethodName=dataSource; initMethodName=null; destroyMethodName=(inferred); defined in class path resource [org/springframework/boot/autoconfigure/jdbc/DataSourceConfiguration$Hikari.class]]
10:57:05 logback {restartedMain} INFO  o.s.b.f.s.DefaultListableBeanFactory - Overriding bean definition for bean 'requestMappingHandlerMapping' with a different definition: replacing [Root bean: class [null]; scope=; abstract=false; lazyInit=false; autowireMode=3; dependencyCheck=0; autowireCandidate=true; primary=false; factoryBeanName=requestMappingHandlerConfig; factoryMethodName=requestMappingHandlerMapping; initMethodName=null; destroyMethodName=(inferred); defined in class path resource [com/info/RequestMappingHandlerConfig.class]] with [Root bean: class [null]; scope=; abstract=false; lazyInit=false; autowireMode=3; dependencyCheck=0; autowireCandidate=true; primary=true; factoryBeanName=org.springframework.boot.autoconfigure.web.servlet.WebMvcAutoConfiguration$EnableWebMvcConfiguration; factoryMethodName=requestMappingHandlerMapping; initMethodName=null; destroyMethodName=(inferred); defined in class path resource [org/springframework/boot/autoconfigure/web/servlet/WebMvcAutoConfiguration$EnableWebMvcConfiguration.class]]
10:57:06 logback {restartedMain} INFO  o.s.c.s.PostProcessorRegistrationDelegate$BeanPostProcessorChecker - Bean 'org.springframework.transaction.annotation.ProxyTransactionManagementConfiguration' of type [org.springframework.transaction.annotation.ProxyTransactionManagementConfiguration$$EnhancerBySpringCGLIB$$2762135a] is not eligible for getting processed by all BeanPostProcessors (for example: not eligible for auto-proxying)
10:57:07 logback {restartedMain} INFO  o.s.b.w.e.tomcat.TomcatWebServer - Tomcat initialized with port(s): 8080 (http)
10:57:07 logback {restartedMain} INFO  o.a.coyote.http11.Http11NioProtocol - Initializing ProtocolHandler ["http-nio-8080"]
10:57:07 logback {restartedMain} INFO  o.a.catalina.core.StandardService - Starting service [Tomcat]
10:57:07 logback {restartedMain} INFO  o.a.catalina.core.StandardEngine - Starting Servlet Engine: Apache Tomcat/8.5.28
10:57:07 logback {localhost-startStop-1} INFO  o.a.c.core.AprLifecycleListener - The APR based Apache Tomcat Native library which allows optimal performance in production environments was not found on the java.library.path: [C:\Program Files\Java\jdk1.8.0_144\bin;C:\Windows\Sun\Java\bin;C:\Windows\system32;C:\Windows;C:/Program Files/Java/jre1.8.0_151/bin/client;C:/Program Files/Java/jre1.8.0_151/bin;C:/Program Files/Java/jre1.8.0_151/lib/i386;C:\Program Files\NVIDIA Corporation\PhysX\Common;C:\ProgramData\Oracle\Java\javapath;C:\Program Files\Intel\iCLS Client\;C:\Windows\system32;C:\Windows;C:\Windows\System32\Wbem;C:\Windows\System32\WindowsPowerShell\v1.0\;C:\Program Files\ATI Technologies\ATI.ACE\Core-Static;C:\Program Files\Intel\Intel(R) Management Engine Components\DAL;C:\Program Files\Intel\Intel(R) Management Engine Components\IPT;C:\Program Files\Microsoft SQL Server\90\Tools\binn\;C:\Program Files\Java\jdk1.8.0_144\bin;C:\Program Files\Java\jdk1.8.0_144\jre\bin;C:\Program Files\MySQL\MySQL Utilities 1.6\;C:\Windows\system32\config\systemprofile\.dnx\bin;C:\Program Files\Microsoft DNX\Dnvm\;C:\Program Files\apache-maven-3.5.3\bin;C:\Program Files\Windows Kits\8.1\Windows Performance Toolkit\;C:\Program Files\apache-maven-3.5.3\bin;C:\Program Files\eclipse;;.]
10:57:07 logback {localhost-startStop-1} INFO  o.a.c.c.C.[Tomcat].[localhost].[/] - Initializing Spring embedded WebApplicationContext
10:57:07 logback {localhost-startStop-1} INFO  o.s.web.context.ContextLoader - Root WebApplicationContext: initialization completed in 2831 ms
10:57:08 logback {localhost-startStop-1} INFO  com.zaxxer.hikari.HikariDataSource - HikariPool-1 - Starting...
10:57:09 logback {localhost-startStop-1} INFO  com.zaxxer.hikari.HikariDataSource - HikariPool-1 - Start completed.
10:57:09 logback {localhost-startStop-1} INFO  o.s.o.j.LocalContainerEntityManagerFactoryBean - Building JPA container EntityManagerFactory for persistence unit 'default'
10:57:09 logback {localhost-startStop-1} INFO  o.h.jpa.internal.util.LogHelper - HHH000204: Processing PersistenceUnitInfo [
	name: default
	...]
10:57:09 logback {localhost-startStop-1} INFO  org.hibernate.Version - HHH000412: Hibernate Core {5.2.14.Final}
10:57:09 logback {localhost-startStop-1} INFO  org.hibernate.cfg.Environment - HHH000206: hibernate.properties not found
10:57:09 logback {localhost-startStop-1} INFO  o.h.annotations.common.Version - HCANN000001: Hibernate Commons Annotations {5.0.1.Final}
10:57:09 logback {localhost-startStop-1} INFO  org.hibernate.dialect.Dialect - HHH000400: Using dialect: org.hibernate.dialect.MySQL5Dialect
10:57:12 logback {localhost-startStop-1} INFO  o.h.t.s.internal.SchemaCreatorImpl - HHH000476: Executing import script 'org.hibernate.tool.schema.internal.exec.ScriptSourceInputNonExistentImpl@19007cc'
10:57:12 logback {localhost-startStop-1} INFO  o.s.o.j.LocalContainerEntityManagerFactoryBean - Initialized JPA EntityManagerFactory for persistence unit 'default'
10:57:13 logback {localhost-startStop-1} INFO  o.h.h.i.QueryTranslatorFactoryInitiator - HHH000397: Using ASTQueryTranslatorFactory
10:57:13 logback {localhost-startStop-1} INFO  o.s.b.w.s.FilterRegistrationBean - Mapping filter: 'characterEncodingFilter' to: [/*]
10:57:13 logback {localhost-startStop-1} INFO  o.s.b.w.s.FilterRegistrationBean - Mapping filter: 'hiddenHttpMethodFilter' to: [/*]
10:57:13 logback {localhost-startStop-1} INFO  o.s.b.w.s.FilterRegistrationBean - Mapping filter: 'httpPutFormContentFilter' to: [/*]
10:57:13 logback {localhost-startStop-1} INFO  o.s.b.w.s.FilterRegistrationBean - Mapping filter: 'requestContextFilter' to: [/*]
10:57:13 logback {localhost-startStop-1} INFO  o.s.b.w.s.DelegatingFilterProxyRegistrationBean - Mapping filter: 'springSecurityFilterChain' to: [/*]
10:57:13 logback {localhost-startStop-1} INFO  o.s.b.w.s.FilterRegistrationBean - Mapping filter: 'httpTraceFilter' to: [/*]
10:57:13 logback {localhost-startStop-1} INFO  o.s.b.w.s.FilterRegistrationBean - Mapping filter: 'sitemesh3' to urls: [/*]
10:57:13 logback {localhost-startStop-1} INFO  o.s.b.w.s.FilterRegistrationBean - Mapping filter: 'webMvcMetricsFilter' to: [/*]
10:57:13 logback {localhost-startStop-1} INFO  o.s.b.w.s.FilterRegistrationBean - Mapping filter: 'filterSecurityInterceptor' to: [/*]
10:57:13 logback {localhost-startStop-1} INFO  o.s.b.w.s.ServletRegistrationBean - Servlet dispatcherServlet mapped to [/]
10:57:13 logback {restartedMain} INFO  com.info.DemoApplication - Running with Spring profile(s) : {}
10:57:13 logback {restartedMain} WARN  o.s.b.a.o.j.JpaBaseConfiguration$JpaWebConfiguration$JpaWebMvcConfiguration - spring.jpa.open-in-view is enabled by default. Therefore, database queries may be performed during view rendering. Explicitly configure spring.jpa.open-in-view to disable this warning
10:57:13 logback {restartedMain} INFO  o.s.w.s.m.m.a.RequestMappingHandlerMapping - Mapped "{[/admin],methods=[GET]}" onto public java.lang.String com.info.controllers.AdminController.Admin()
10:57:13 logback {restartedMain} INFO  o.s.w.s.m.m.a.RequestMappingHandlerMapping - Mapped "{[/syncftp]}" onto public java.lang.String com.info.controllers.AdminController.syncFtp()
10:57:13 logback {restartedMain} INFO  o.s.w.s.m.m.a.RequestMappingHandlerMapping - Mapped "{[/tasks/test]}" onto public java.lang.String com.info.controllers.AsyncTaskController.test() throws java.lang.Exception
10:57:13 logback {restartedMain} INFO  o.s.w.s.m.m.a.RequestMappingHandlerMapping - Mapped "{[/monthly-report],methods=[GET]}" onto public java.lang.String com.info.controllers.DailyController.monthlyReport(org.springframework.ui.Model)
10:57:13 logback {restartedMain} INFO  o.s.w.s.m.m.a.RequestMappingHandlerMapping - Mapped "{[/decorators/default],methods=[GET]}" onto public java.lang.String com.info.controllers.DecoratorController.index()
10:57:13 logback {restartedMain} INFO  o.s.w.s.m.m.a.RequestMappingHandlerMapping - Mapped "{[/decorators/report],methods=[GET]}" onto public java.lang.String com.info.controllers.DecoratorController.report()
10:57:13 logback {restartedMain} INFO  o.s.w.s.m.m.a.RequestMappingHandlerMapping - Mapped "{[/decorators/about],methods=[GET]}" onto public java.lang.String com.info.controllers.DecoratorController.about()
10:57:13 logback {restartedMain} INFO  o.s.w.s.m.m.a.RequestMappingHandlerMapping - Mapped "{[/decorators/party],methods=[GET]}" onto public java.lang.String com.info.controllers.DecoratorController.party()
10:57:13 logback {restartedMain} INFO  o.s.w.s.m.m.a.RequestMappingHandlerMapping - Mapped "{[/decorators/office],methods=[GET]}" onto public java.lang.String com.info.controllers.DecoratorController.office()
10:57:13 logback {restartedMain} INFO  o.s.w.s.m.m.a.RequestMappingHandlerMapping - Mapped "{[/decorators/cms],methods=[GET]}" onto public java.lang.String com.info.controllers.DecoratorController.cms()
10:57:13 logback {restartedMain} INFO  o.s.w.s.m.m.a.RequestMappingHandlerMapping - Mapped "{[/index]}" onto public java.lang.String com.info.controllers.IndexController.index()
10:57:13 logback {restartedMain} INFO  o.s.w.s.m.m.a.RequestMappingHandlerMapping - Mapped "{[/error],methods=[GET]}" onto public java.lang.String com.info.controllers.IndexController.Error()
10:57:13 logback {restartedMain} INFO  o.s.w.s.m.m.a.RequestMappingHandlerMapping - Mapped "{[/policy],methods=[GET]}" onto public java.lang.String com.info.controllers.IndexController.policy()
10:57:13 logback {restartedMain} INFO  o.s.w.s.m.m.a.RequestMappingHandlerMapping - Mapped "{[/]}" onto public java.lang.String com.info.controllers.IndexController.home()
10:57:13 logback {restartedMain} INFO  o.s.w.s.m.m.a.RequestMappingHandlerMapping - Mapped "{[/about],methods=[GET]}" onto public java.lang.String com.info.controllers.IndexController.about()
10:57:13 logback {restartedMain} INFO  o.s.w.s.m.m.a.RequestMappingHandlerMapping - Mapped "{[/party],methods=[GET]}" onto public java.lang.String com.info.controllers.IndexController.party()
10:57:13 logback {restartedMain} INFO  o.s.w.s.m.m.a.RequestMappingHandlerMapping - Mapped "{[/office],methods=[GET]}" onto public java.lang.String com.info.controllers.IndexController.office()
10:57:13 logback {restartedMain} INFO  o.s.w.s.m.m.a.RequestMappingHandlerMapping - Mapped "{[/daily],methods=[GET]}" onto public java.lang.String com.info.controllers.IndexController.daily()
10:57:13 logback {restartedMain} INFO  o.s.w.s.m.m.a.RequestMappingHandlerMapping - Mapped "{[/personel],methods=[GET]}" onto public java.lang.String com.info.controllers.IndexController.personal()
10:57:13 logback {restartedMain} INFO  o.s.w.s.m.m.a.RequestMappingHandlerMapping - Mapped "{[/activity],methods=[GET]}" onto public java.lang.String com.info.controllers.IndexController.activity()
10:57:13 logback {restartedMain} INFO  o.s.w.s.m.m.a.RequestMappingHandlerMapping - Mapped "{[/deny]}" onto public java.lang.String com.info.controllers.IndexController.deny()
10:57:13 logback {restartedMain} INFO  o.s.w.s.m.m.a.RequestMappingHandlerMapping - Mapped "{[/register],methods=[GET]}" onto public java.lang.String com.info.controllers.IndexController.regist()
10:57:13 logback {restartedMain} INFO  o.s.w.s.m.m.a.RequestMappingHandlerMapping - Mapped "{[/protocol],methods=[GET]}" onto public java.lang.String com.info.controllers.IndexController.Protocol()
10:57:13 logback {restartedMain} INFO  o.s.w.s.m.m.a.RequestMappingHandlerMapping - Mapped "{[/login],methods=[GET]}" onto public java.lang.String com.info.controllers.IndexController.login()
10:57:13 logback {restartedMain} INFO  o.s.w.s.m.m.a.RequestMappingHandlerMapping - Mapped "{[/CSRFTest],methods=[GET]}" onto public java.lang.String com.info.controllers.IndexController.product()
10:57:13 logback {restartedMain} INFO  o.s.w.s.m.m.a.RequestMappingHandlerMapping - Mapped "{[/CSRFTestcheck],methods=[POST]}" onto public java.lang.String com.info.controllers.IndexController.product1()
10:57:13 logback {restartedMain} INFO  o.s.w.s.m.m.a.RequestMappingHandlerMapping - Mapped "{[/login-error],methods=[GET]}" onto public java.lang.String com.info.controllers.IndexController.loginError()
10:57:13 logback {restartedMain} INFO  o.s.w.s.m.m.a.RequestMappingHandlerMapping - Mapped "{[/register],methods=[POST]}" onto public java.lang.String com.info.controllers.UserController.register(com.info.domain.dto.RegistraFormDTO,org.springframework.validation.BindingResult,org.springframework.web.context.request.WebRequest,org.springframework.web.servlet.mvc.support.RedirectAttributesModelMap)
10:57:13 logback {restartedMain} INFO  o.s.w.s.m.m.a.RequestMappingHandlerMapping - Mapped "{[/registationConfirm],methods=[GET]}" onto public java.lang.String com.info.controllers.UserController.registationConfirm(java.lang.String,org.springframework.web.servlet.mvc.support.RedirectAttributesModelMap)
10:57:13 logback {restartedMain} INFO  o.s.w.s.m.m.a.RequestMappingHandlerMapping - Mapped "{[/validateUserName],methods=[POST]}" onto public boolean com.info.controllers.UserController.validateUserName(java.lang.String)
10:57:13 logback {restartedMain} INFO  o.s.w.s.m.m.a.RequestMappingHandlerMapping - Mapped "{[/validateEmail],methods=[POST]}" onto public boolean com.info.controllers.UserController.validateEmail(java.lang.String)
10:57:13 logback {restartedMain} INFO  o.s.w.s.m.m.a.RequestMappingHandlerMapping - Mapped "{[/error]}" onto public org.springframework.http.ResponseEntity<java.util.Map<java.lang.String, java.lang.Object>> org.springframework.boot.autoconfigure.web.servlet.error.BasicErrorController.error(javax.servlet.http.HttpServletRequest)
10:57:13 logback {restartedMain} INFO  o.s.w.s.m.m.a.RequestMappingHandlerMapping - Mapped "{[/error],produces=[text/html]}" onto public org.springframework.web.servlet.ModelAndView org.springframework.boot.autoconfigure.web.servlet.error.BasicErrorController.errorHtml(javax.servlet.http.HttpServletRequest,javax.servlet.http.HttpServletResponse)
10:57:14 logback {restartedMain} INFO  com.info.DemoApplication - ===>/admin
10:57:14 logback {restartedMain} INFO  com.info.DemoApplication - ===>/syncftp
10:57:14 logback {restartedMain} INFO  com.info.DemoApplication - ===>/tasks/test
10:57:14 logback {restartedMain} INFO  com.info.DemoApplication - ===>/monthly-report
10:57:14 logback {restartedMain} INFO  com.info.DemoApplication - ===>/decorators/default
10:57:14 logback {restartedMain} INFO  com.info.DemoApplication - ===>/decorators/report
10:57:14 logback {restartedMain} INFO  com.info.DemoApplication - ===>/decorators/about
10:57:14 logback {restartedMain} INFO  com.info.DemoApplication - ===>/decorators/party
10:57:14 logback {restartedMain} INFO  com.info.DemoApplication - ===>/decorators/office
10:57:14 logback {restartedMain} INFO  com.info.DemoApplication - ===>/decorators/cms
10:57:14 logback {restartedMain} INFO  com.info.DemoApplication - ===>/index
10:57:14 logback {restartedMain} INFO  com.info.DemoApplication - ===>/error
10:57:14 logback {restartedMain} INFO  com.info.DemoApplication - ===>/policy
10:57:14 logback {restartedMain} INFO  com.info.DemoApplication - ===>/
10:57:14 logback {restartedMain} INFO  com.info.DemoApplication - ===>/about
10:57:14 logback {restartedMain} INFO  com.info.DemoApplication - ===>/party
10:57:14 logback {restartedMain} INFO  com.info.DemoApplication - ===>/office
10:57:14 logback {restartedMain} INFO  com.info.DemoApplication - ===>/daily
10:57:14 logback {restartedMain} INFO  com.info.DemoApplication - ===>/personel
10:57:14 logback {restartedMain} INFO  com.info.DemoApplication - ===>/activity
10:57:14 logback {restartedMain} INFO  com.info.DemoApplication - ===>/deny
10:57:14 logback {restartedMain} INFO  com.info.DemoApplication - ===>/register
10:57:14 logback {restartedMain} INFO  com.info.DemoApplication - ===>/protocol
10:57:14 logback {restartedMain} INFO  com.info.DemoApplication - ===>/login
10:57:14 logback {restartedMain} INFO  com.info.DemoApplication - ===>/CSRFTest
10:57:14 logback {restartedMain} INFO  com.info.DemoApplication - ===>/CSRFTestcheck
10:57:14 logback {restartedMain} INFO  com.info.DemoApplication - ===>/login-error
10:57:14 logback {restartedMain} INFO  com.info.DemoApplication - ===>/registationConfirm
10:57:14 logback {restartedMain} INFO  com.info.DemoApplication - ===>/validateUserName
10:57:14 logback {restartedMain} INFO  com.info.DemoApplication - ===>/validateEmail
10:57:14 logback {restartedMain} INFO  o.s.s.web.DefaultSecurityFilterChain - Creating filter chain: org.springframework.security.web.util.matcher.AnyRequestMatcher@1, [org.springframework.security.web.context.request.async.WebAsyncManagerIntegrationFilter@10b9288, org.springframework.security.web.context.SecurityContextPersistenceFilter@16a5230, org.springframework.security.web.header.HeaderWriterFilter@b06820, org.springframework.security.web.csrf.CsrfFilter@1f21571, org.springframework.security.web.authentication.logout.LogoutFilter@63a99f, org.springframework.security.web.authentication.UsernamePasswordAuthenticationFilter@cb8873, org.springframework.security.web.savedrequest.RequestCacheAwareFilter@1cb5891, org.springframework.security.web.servletapi.SecurityContextHolderAwareRequestFilter@22a384, org.springframework.security.web.authentication.rememberme.RememberMeAuthenticationFilter@1866fd6, org.springframework.security.web.authentication.AnonymousAuthenticationFilter@9094ba, org.springframework.security.web.session.SessionManagementFilter@180d5b7, org.springframework.security.web.access.ExceptionTranslationFilter@a282bc, org.springframework.security.web.access.intercept.FilterSecurityInterceptor@b54430, org.springframework.security.web.access.intercept.FilterSecurityInterceptor@51eeb]
10:57:14 logback {restartedMain} INFO  o.s.w.s.m.m.a.RequestMappingHandlerAdapter - Looking for @ControllerAdvice: org.springframework.boot.web.servlet.context.AnnotationConfigServletWebServerApplicationContext@d20fcc: startup date [Fri Apr 20 10:57:04 CST 2018]; root of context hierarchy
10:57:15 logback {restartedMain} INFO  o.s.w.s.h.SimpleUrlHandlerMapping - Mapped URL path [/webjars/**] onto handler of type [class org.springframework.web.servlet.resource.ResourceHttpRequestHandler]
10:57:15 logback {restartedMain} INFO  o.s.w.s.h.SimpleUrlHandlerMapping - Mapped URL path [/**] onto handler of type [class org.springframework.web.servlet.resource.ResourceHttpRequestHandler]
10:57:15 logback {restartedMain} INFO  o.s.w.s.m.m.a.ExceptionHandlerExceptionResolver - Detected @ExceptionHandler methods in webExceptionHandler
10:57:15 logback {restartedMain} INFO  o.s.w.s.h.SimpleUrlHandlerMapping - Mapped URL path [/**/favicon.ico] onto handler of type [class org.springframework.web.servlet.resource.ResourceHttpRequestHandler]
10:57:15 logback {restartedMain} INFO  o.s.b.a.w.s.WelcomePageHandlerMapping - Adding welcome page template: index
10:57:16 logback {restartedMain} INFO  o.s.b.d.a.OptionalLiveReloadServer - LiveReload server is running on port 35729
10:57:16 logback {restartedMain} INFO  o.s.b.a.e.w.s.WebMvcEndpointHandlerMapping - Mapped "{[/actuator/health],methods=[GET],produces=[application/vnd.spring-boot.actuator.v2+json || application/json]}" onto public java.lang.Object org.springframework.boot.actuate.endpoint.web.servlet.AbstractWebMvcEndpointHandlerMapping$OperationHandler.handle(javax.servlet.http.HttpServletRequest,java.util.Map<java.lang.String, java.lang.String>)
10:57:16 logback {restartedMain} INFO  o.s.b.a.e.w.s.WebMvcEndpointHandlerMapping - Mapped "{[/actuator/info],methods=[GET],produces=[application/vnd.spring-boot.actuator.v2+json || application/json]}" onto public java.lang.Object org.springframework.boot.actuate.endpoint.web.servlet.AbstractWebMvcEndpointHandlerMapping$OperationHandler.handle(javax.servlet.http.HttpServletRequest,java.util.Map<java.lang.String, java.lang.String>)
10:57:16 logback {restartedMain} INFO  o.s.b.a.e.w.s.WebMvcEndpointHandlerMapping - Mapped "{[/actuator],methods=[GET],produces=[application/vnd.spring-boot.actuator.v2+json || application/json]}" onto protected java.util.Map<java.lang.String, java.util.Map<java.lang.String, org.springframework.boot.actuate.endpoint.web.Link>> org.springframework.boot.actuate.endpoint.web.servlet.WebMvcEndpointHandlerMapping.links(javax.servlet.http.HttpServletRequest,javax.servlet.http.HttpServletResponse)
10:57:17 logback {restartedMain} INFO  o.s.j.e.a.AnnotationMBeanExporter - Registering beans for JMX exposure on startup
10:57:17 logback {restartedMain} INFO  o.s.j.e.a.AnnotationMBeanExporter - Bean with name 'dataSource' has been autodetected for JMX exposure
10:57:17 logback {restartedMain} INFO  o.s.j.e.a.AnnotationMBeanExporter - Located MBean 'dataSource': registering with JMX server as MBean [com.zaxxer.hikari:name=dataSource,type=HikariDataSource]
10:57:17 logback {restartedMain} INFO  o.a.coyote.http11.Http11NioProtocol - Starting ProtocolHandler ["http-nio-8080"]
10:57:17 logback {restartedMain} INFO  o.a.tomcat.util.net.NioSelectorPool - Using a shared selector for servlet write/read
10:57:17 logback {restartedMain} INFO  o.s.b.w.e.tomcat.TomcatWebServer - Tomcat started on port(s): 8080 (http) with context path ''
10:57:17 logback {restartedMain} INFO  com.info.DemoApplication - Started DemoApplication in 13.421 seconds (JVM running for 15.736)
10:57:48 logback {http-nio-8080-exec-1} INFO  o.a.c.c.C.[Tomcat].[localhost].[/] - Initializing Spring FrameworkServlet 'dispatcherServlet'
10:57:48 logback {http-nio-8080-exec-1} INFO  o.s.web.servlet.DispatcherServlet - FrameworkServlet 'dispatcherServlet': initialization started
10:57:48 logback {http-nio-8080-exec-1} INFO  o.s.web.servlet.DispatcherServlet - FrameworkServlet 'dispatcherServlet': initialization completed in 21 ms
10:57:48 logback {http-nio-8080-exec-1} INFO  com.info.aspect.CtrlAspect - url=http://localhost:8080/
10:57:48 logback {http-nio-8080-exec-1} INFO  com.info.aspect.CtrlAspect - method=GET
10:57:48 logback {http-nio-8080-exec-1} INFO  com.info.aspect.CtrlAspect - method=0:0:0:0:0:0:0:1
10:57:48 logback {http-nio-8080-exec-1} INFO  com.info.aspect.CtrlAspect - class_method=com.info.controllers.IndexController
10:57:48 logback {http-nio-8080-exec-1} INFO  com.info.aspect.CtrlAspect - class_method_attrs={}
10:57:48 logback {http-nio-8080-exec-1} INFO  com.info.aspect.CtrlAspect - com.info.controllers.IndexController方法执行完毕
10:57:48 logback {http-nio-8080-exec-1} INFO  com.info.aspect.CtrlAspect - response=redirect:/index
10:57:48 logback {http-nio-8080-exec-2} INFO  com.info.aspect.CtrlAspect - url=http://localhost:8080/index
10:57:48 logback {http-nio-8080-exec-2} INFO  com.info.aspect.CtrlAspect - method=GET
10:57:48 logback {http-nio-8080-exec-2} INFO  com.info.aspect.CtrlAspect - method=0:0:0:0:0:0:0:1
10:57:48 logback {http-nio-8080-exec-2} INFO  com.info.aspect.CtrlAspect - class_method=com.info.controllers.IndexController
10:57:48 logback {http-nio-8080-exec-2} INFO  com.info.aspect.CtrlAspect - class_method_attrs={}
10:57:48 logback {http-nio-8080-exec-2} INFO  com.info.aspect.CtrlAspect - com.info.controllers.IndexController方法执行完毕
10:57:48 logback {http-nio-8080-exec-2} INFO  com.info.aspect.CtrlAspect - response=index
10:57:48 logback {http-nio-8080-exec-2} INFO  com.info.aspect.CtrlAspect - url=http://localhost:8080/decorators/default
10:57:48 logback {http-nio-8080-exec-2} INFO  com.info.aspect.CtrlAspect - method=GET
10:57:48 logback {http-nio-8080-exec-2} INFO  com.info.aspect.CtrlAspect - method=0:0:0:0:0:0:0:1
10:57:48 logback {http-nio-8080-exec-2} INFO  com.info.aspect.CtrlAspect - class_method=com.info.controllers.DecoratorController
10:57:48 logback {http-nio-8080-exec-2} INFO  com.info.aspect.CtrlAspect - class_method_attrs={}
10:57:48 logback {http-nio-8080-exec-2} INFO  com.info.aspect.CtrlAspect - com.info.controllers.DecoratorController方法执行完毕
10:57:48 logback {http-nio-8080-exec-2} INFO  com.info.aspect.CtrlAspect - response=/decorators/default
10:57:49 logback {http-nio-8080-exec-2} INFO  com.info.aspect.CtrlAspect - url=http://localhost:8080/
10:57:49 logback {http-nio-8080-exec-2} INFO  com.info.aspect.CtrlAspect - method=GET
10:57:49 logback {http-nio-8080-exec-2} INFO  com.info.aspect.CtrlAspect - method=0:0:0:0:0:0:0:1
10:57:49 logback {http-nio-8080-exec-2} INFO  com.info.aspect.CtrlAspect - class_method=com.info.controllers.IndexController
10:57:49 logback {http-nio-8080-exec-2} INFO  com.info.aspect.CtrlAspect - class_method_attrs={}
10:57:49 logback {http-nio-8080-exec-2} INFO  com.info.aspect.CtrlAspect - com.info.controllers.IndexController方法执行完毕
10:57:49 logback {http-nio-8080-exec-2} INFO  com.info.aspect.CtrlAspect - response=redirect:/index
10:57:49 logback {http-nio-8080-exec-3} INFO  com.info.aspect.CtrlAspect - url=http://localhost:8080/index
10:57:49 logback {http-nio-8080-exec-3} INFO  com.info.aspect.CtrlAspect - method=GET
10:57:49 logback {http-nio-8080-exec-3} INFO  com.info.aspect.CtrlAspect - method=0:0:0:0:0:0:0:1
10:57:49 logback {http-nio-8080-exec-3} INFO  com.info.aspect.CtrlAspect - class_method=com.info.controllers.IndexController
10:57:49 logback {http-nio-8080-exec-3} INFO  com.info.aspect.CtrlAspect - class_method_attrs={}
10:57:49 logback {http-nio-8080-exec-3} INFO  com.info.aspect.CtrlAspect - com.info.controllers.IndexController方法执行完毕
10:57:49 logback {http-nio-8080-exec-3} INFO  com.info.aspect.CtrlAspect - response=index
10:57:49 logback {http-nio-8080-exec-3} INFO  com.info.aspect.CtrlAspect - url=http://localhost:8080/decorators/default
10:57:49 logback {http-nio-8080-exec-3} INFO  com.info.aspect.CtrlAspect - method=GET
10:57:49 logback {http-nio-8080-exec-3} INFO  com.info.aspect.CtrlAspect - method=0:0:0:0:0:0:0:1
10:57:49 logback {http-nio-8080-exec-3} INFO  com.info.aspect.CtrlAspect - class_method=com.info.controllers.DecoratorController
10:57:49 logback {http-nio-8080-exec-3} INFO  com.info.aspect.CtrlAspect - class_method_attrs={}
10:57:49 logback {http-nio-8080-exec-3} INFO  com.info.aspect.CtrlAspect - com.info.controllers.DecoratorController方法执行完毕
10:57:49 logback {http-nio-8080-exec-3} INFO  com.info.aspect.CtrlAspect - response=/decorators/default
11:00:32 logback {http-nio-8080-exec-1} INFO  com.info.aspect.CtrlAspect - url=http://localhost:8080/index
11:00:32 logback {http-nio-8080-exec-1} INFO  com.info.aspect.CtrlAspect - method=GET
11:00:32 logback {http-nio-8080-exec-1} INFO  com.info.aspect.CtrlAspect - method=0:0:0:0:0:0:0:1
11:00:32 logback {http-nio-8080-exec-1} INFO  com.info.aspect.CtrlAspect - class_method=com.info.controllers.IndexController
11:00:32 logback {http-nio-8080-exec-1} INFO  com.info.aspect.CtrlAspect - class_method_attrs={}
11:00:32 logback {http-nio-8080-exec-1} INFO  com.info.aspect.CtrlAspect - com.info.controllers.IndexController方法执行完毕
11:00:32 logback {http-nio-8080-exec-1} INFO  com.info.aspect.CtrlAspect - response=index
11:00:32 logback {http-nio-8080-exec-1} INFO  com.info.aspect.CtrlAspect - url=http://localhost:8080/decorators/default
11:00:32 logback {http-nio-8080-exec-1} INFO  com.info.aspect.CtrlAspect - method=GET
11:00:32 logback {http-nio-8080-exec-1} INFO  com.info.aspect.CtrlAspect - method=0:0:0:0:0:0:0:1
11:00:32 logback {http-nio-8080-exec-1} INFO  com.info.aspect.CtrlAspect - class_method=com.info.controllers.DecoratorController
11:00:32 logback {http-nio-8080-exec-1} INFO  com.info.aspect.CtrlAspect - class_method_attrs={}
11:00:32 logback {http-nio-8080-exec-1} INFO  com.info.aspect.CtrlAspect - com.info.controllers.DecoratorController方法执行完毕
11:00:32 logback {http-nio-8080-exec-1} INFO  com.info.aspect.CtrlAspect - response=/decorators/default
11:02:14 logback {Thread-8} INFO  o.s.b.w.s.c.AnnotationConfigServletWebServerApplicationContext - Closing org.springframework.boot.web.servlet.context.AnnotationConfigServletWebServerApplicationContext@d20fcc: startup date [Fri Apr 20 10:57:04 CST 2018]; root of context hierarchy
11:02:14 logback {Thread-8} INFO  o.s.j.e.a.AnnotationMBeanExporter - Unregistering JMX-exposed beans on shutdown
11:02:14 logback {Thread-8} INFO  o.s.j.e.a.AnnotationMBeanExporter - Unregistering JMX-exposed beans
11:02:14 logback {Thread-8} INFO  o.s.o.j.LocalContainerEntityManagerFactoryBean - Closing JPA EntityManagerFactory for persistence unit 'default'
11:02:14 logback {Thread-8} INFO  com.zaxxer.hikari.HikariDataSource - HikariPool-1 - Shutdown initiated...
11:02:14 logback {Thread-8} INFO  com.zaxxer.hikari.HikariDataSource - HikariPool-1 - Shutdown completed.
11:02:14 logback {restartedMain} INFO  com.info.DemoApplication - Starting DemoApplication on Lenovo-480766 with PID 1324 (C:\Users\Administrator\git\ssh\target\classes started by Administrator in C:\Users\Administrator\git\ssh)
11:02:14 logback {restartedMain} INFO  com.info.DemoApplication - No active profile set, falling back to default profiles: default
11:02:14 logback {restartedMain} INFO  o.s.b.w.s.c.AnnotationConfigServletWebServerApplicationContext - Refreshing org.springframework.boot.web.servlet.context.AnnotationConfigServletWebServerApplicationContext@e37eff: startup date [Fri Apr 20 11:02:14 CST 2018]; root of context hierarchy
11:02:14 logback {restartedMain} INFO  o.s.b.f.s.DefaultListableBeanFactory - Overriding bean definition for bean 'dataSource' with a different definition: replacing [Root bean: class [null]; scope=; abstract=false; lazyInit=false; autowireMode=3; dependencyCheck=0; autowireCandidate=true; primary=false; factoryBeanName=org.springframework.boot.autoconfigure.jdbc.DataSourceConfiguration$Generic; factoryMethodName=dataSource; initMethodName=null; destroyMethodName=(inferred); defined in class path resource [org/springframework/boot/autoconfigure/jdbc/DataSourceConfiguration$Generic.class]] with [Root bean: class [null]; scope=; abstract=false; lazyInit=false; autowireMode=3; dependencyCheck=0; autowireCandidate=true; primary=false; factoryBeanName=org.springframework.boot.autoconfigure.jdbc.DataSourceConfiguration$Hikari; factoryMethodName=dataSource; initMethodName=null; destroyMethodName=(inferred); defined in class path resource [org/springframework/boot/autoconfigure/jdbc/DataSourceConfiguration$Hikari.class]]
11:02:14 logback {restartedMain} INFO  o.s.b.f.s.DefaultListableBeanFactory - Overriding bean definition for bean 'requestMappingHandlerMapping' with a different definition: replacing [Root bean: class [null]; scope=; abstract=false; lazyInit=false; autowireMode=3; dependencyCheck=0; autowireCandidate=true; primary=false; factoryBeanName=requestMappingHandlerConfig; factoryMethodName=requestMappingHandlerMapping; initMethodName=null; destroyMethodName=(inferred); defined in class path resource [com/info/RequestMappingHandlerConfig.class]] with [Root bean: class [null]; scope=; abstract=false; lazyInit=false; autowireMode=3; dependencyCheck=0; autowireCandidate=true; primary=true; factoryBeanName=org.springframework.boot.autoconfigure.web.servlet.WebMvcAutoConfiguration$EnableWebMvcConfiguration; factoryMethodName=requestMappingHandlerMapping; initMethodName=null; destroyMethodName=(inferred); defined in class path resource [org/springframework/boot/autoconfigure/web/servlet/WebMvcAutoConfiguration$EnableWebMvcConfiguration.class]]
11:02:15 logback {restartedMain} INFO  o.s.c.s.PostProcessorRegistrationDelegate$BeanPostProcessorChecker - Bean 'org.springframework.transaction.annotation.ProxyTransactionManagementConfiguration' of type [org.springframework.transaction.annotation.ProxyTransactionManagementConfiguration$$EnhancerBySpringCGLIB$$2762135a] is not eligible for getting processed by all BeanPostProcessors (for example: not eligible for auto-proxying)
11:02:15 logback {restartedMain} INFO  o.s.b.w.e.tomcat.TomcatWebServer - Tomcat initialized with port(s): 8080 (http)
11:02:15 logback {restartedMain} INFO  o.a.coyote.http11.Http11NioProtocol - Initializing ProtocolHandler ["http-nio-8080"]
11:02:15 logback {restartedMain} INFO  o.a.catalina.core.StandardService - Starting service [Tomcat]
11:02:15 logback {restartedMain} INFO  o.a.catalina.core.StandardEngine - Starting Servlet Engine: Apache Tomcat/8.5.28
11:02:15 logback {localhost-startStop-1} INFO  o.a.c.c.C.[Tomcat].[localhost].[/] - Initializing Spring embedded WebApplicationContext
11:02:15 logback {localhost-startStop-1} INFO  o.s.web.context.ContextLoader - Root WebApplicationContext: initialization completed in 833 ms
11:02:15 logback {localhost-startStop-1} INFO  com.zaxxer.hikari.HikariDataSource - HikariPool-2 - Starting...
11:02:15 logback {localhost-startStop-1} INFO  com.zaxxer.hikari.HikariDataSource - HikariPool-2 - Start completed.
11:02:15 logback {localhost-startStop-1} INFO  o.s.o.j.LocalContainerEntityManagerFactoryBean - Building JPA container EntityManagerFactory for persistence unit 'default'
11:02:15 logback {localhost-startStop-1} INFO  o.h.jpa.internal.util.LogHelper - HHH000204: Processing PersistenceUnitInfo [
	name: default
	...]
11:02:15 logback {localhost-startStop-1} INFO  org.hibernate.dialect.Dialect - HHH000400: Using dialect: org.hibernate.dialect.MySQL5Dialect
11:02:18 logback {localhost-startStop-1} INFO  o.h.t.s.internal.SchemaCreatorImpl - HHH000476: Executing import script 'org.hibernate.tool.schema.internal.exec.ScriptSourceInputNonExistentImpl@19007cc'
11:02:18 logback {localhost-startStop-1} INFO  o.s.o.j.LocalContainerEntityManagerFactoryBean - Initialized JPA EntityManagerFactory for persistence unit 'default'
11:02:18 logback {localhost-startStop-1} INFO  o.h.h.i.QueryTranslatorFactoryInitiator - HHH000397: Using ASTQueryTranslatorFactory
11:02:18 logback {localhost-startStop-1} INFO  o.s.b.w.s.FilterRegistrationBean - Mapping filter: 'characterEncodingFilter' to: [/*]
11:02:18 logback {localhost-startStop-1} INFO  o.s.b.w.s.FilterRegistrationBean - Mapping filter: 'hiddenHttpMethodFilter' to: [/*]
11:02:18 logback {localhost-startStop-1} INFO  o.s.b.w.s.FilterRegistrationBean - Mapping filter: 'httpPutFormContentFilter' to: [/*]
11:02:18 logback {localhost-startStop-1} INFO  o.s.b.w.s.FilterRegistrationBean - Mapping filter: 'requestContextFilter' to: [/*]
11:02:18 logback {localhost-startStop-1} INFO  o.s.b.w.s.DelegatingFilterProxyRegistrationBean - Mapping filter: 'springSecurityFilterChain' to: [/*]
11:02:18 logback {localhost-startStop-1} INFO  o.s.b.w.s.FilterRegistrationBean - Mapping filter: 'httpTraceFilter' to: [/*]
11:02:18 logback {localhost-startStop-1} INFO  o.s.b.w.s.FilterRegistrationBean - Mapping filter: 'sitemesh3' to urls: [/*]
11:02:18 logback {localhost-startStop-1} INFO  o.s.b.w.s.FilterRegistrationBean - Mapping filter: 'webMvcMetricsFilter' to: [/*]
11:02:18 logback {localhost-startStop-1} INFO  o.s.b.w.s.FilterRegistrationBean - Mapping filter: 'filterSecurityInterceptor' to: [/*]
11:02:18 logback {localhost-startStop-1} INFO  o.s.b.w.s.ServletRegistrationBean - Servlet dispatcherServlet mapped to [/]
11:02:18 logback {restartedMain} INFO  com.info.DemoApplication - Running with Spring profile(s) : {}
11:02:18 logback {restartedMain} WARN  o.s.b.a.o.j.JpaBaseConfiguration$JpaWebConfiguration$JpaWebMvcConfiguration - spring.jpa.open-in-view is enabled by default. Therefore, database queries may be performed during view rendering. Explicitly configure spring.jpa.open-in-view to disable this warning
11:02:18 logback {restartedMain} INFO  o.s.w.s.m.m.a.RequestMappingHandlerMapping - Mapped "{[/admin],methods=[GET]}" onto public java.lang.String com.info.controllers.AdminController.Admin()
11:02:18 logback {restartedMain} INFO  o.s.w.s.m.m.a.RequestMappingHandlerMapping - Mapped "{[/syncftp]}" onto public java.lang.String com.info.controllers.AdminController.syncFtp()
11:02:18 logback {restartedMain} INFO  o.s.w.s.m.m.a.RequestMappingHandlerMapping - Mapped "{[/tasks/test]}" onto public java.lang.String com.info.controllers.AsyncTaskController.test() throws java.lang.Exception
11:02:18 logback {restartedMain} INFO  o.s.w.s.m.m.a.RequestMappingHandlerMapping - Mapped "{[/monthly-report],methods=[GET]}" onto public java.lang.String com.info.controllers.DailyController.monthlyReport(org.springframework.ui.Model)
11:02:18 logback {restartedMain} INFO  o.s.w.s.m.m.a.RequestMappingHandlerMapping - Mapped "{[/decorators/default],methods=[GET]}" onto public java.lang.String com.info.controllers.DecoratorController.index()
11:02:18 logback {restartedMain} INFO  o.s.w.s.m.m.a.RequestMappingHandlerMapping - Mapped "{[/decorators/report],methods=[GET]}" onto public java.lang.String com.info.controllers.DecoratorController.report()
11:02:18 logback {restartedMain} INFO  o.s.w.s.m.m.a.RequestMappingHandlerMapping - Mapped "{[/decorators/about],methods=[GET]}" onto public java.lang.String com.info.controllers.DecoratorController.about()
11:02:18 logback {restartedMain} INFO  o.s.w.s.m.m.a.RequestMappingHandlerMapping - Mapped "{[/decorators/party],methods=[GET]}" onto public java.lang.String com.info.controllers.DecoratorController.party()
11:02:18 logback {restartedMain} INFO  o.s.w.s.m.m.a.RequestMappingHandlerMapping - Mapped "{[/decorators/office],methods=[GET]}" onto public java.lang.String com.info.controllers.DecoratorController.office()
11:02:18 logback {restartedMain} INFO  o.s.w.s.m.m.a.RequestMappingHandlerMapping - Mapped "{[/decorators/cms],methods=[GET]}" onto public java.lang.String com.info.controllers.DecoratorController.cms()
11:02:18 logback {restartedMain} INFO  o.s.w.s.m.m.a.RequestMappingHandlerMapping - Mapped "{[/index]}" onto public java.lang.String com.info.controllers.IndexController.index()
11:02:18 logback {restartedMain} INFO  o.s.w.s.m.m.a.RequestMappingHandlerMapping - Mapped "{[/error],methods=[GET]}" onto public java.lang.String com.info.controllers.IndexController.Error()
11:02:18 logback {restartedMain} INFO  o.s.w.s.m.m.a.RequestMappingHandlerMapping - Mapped "{[/policy],methods=[GET]}" onto public java.lang.String com.info.controllers.IndexController.policy()
11:02:18 logback {restartedMain} INFO  o.s.w.s.m.m.a.RequestMappingHandlerMapping - Mapped "{[/]}" onto public java.lang.String com.info.controllers.IndexController.home()
11:02:18 logback {restartedMain} INFO  o.s.w.s.m.m.a.RequestMappingHandlerMapping - Mapped "{[/about],methods=[GET]}" onto public java.lang.String com.info.controllers.IndexController.about()
11:02:18 logback {restartedMain} INFO  o.s.w.s.m.m.a.RequestMappingHandlerMapping - Mapped "{[/party],methods=[GET]}" onto public java.lang.String com.info.controllers.IndexController.party()
11:02:18 logback {restartedMain} INFO  o.s.w.s.m.m.a.RequestMappingHandlerMapping - Mapped "{[/office],methods=[GET]}" onto public java.lang.String com.info.controllers.IndexController.office()
11:02:18 logback {restartedMain} INFO  o.s.w.s.m.m.a.RequestMappingHandlerMapping - Mapped "{[/daily],methods=[GET]}" onto public java.lang.String com.info.controllers.IndexController.daily()
11:02:18 logback {restartedMain} INFO  o.s.w.s.m.m.a.RequestMappingHandlerMapping - Mapped "{[/personel],methods=[GET]}" onto public java.lang.String com.info.controllers.IndexController.personal()
11:02:18 logback {restartedMain} INFO  o.s.w.s.m.m.a.RequestMappingHandlerMapping - Mapped "{[/activity],methods=[GET]}" onto public java.lang.String com.info.controllers.IndexController.activity()
11:02:18 logback {restartedMain} INFO  o.s.w.s.m.m.a.RequestMappingHandlerMapping - Mapped "{[/deny]}" onto public java.lang.String com.info.controllers.IndexController.deny()
11:02:18 logback {restartedMain} INFO  o.s.w.s.m.m.a.RequestMappingHandlerMapping - Mapped "{[/register],methods=[GET]}" onto public java.lang.String com.info.controllers.IndexController.regist()
11:02:18 logback {restartedMain} INFO  o.s.w.s.m.m.a.RequestMappingHandlerMapping - Mapped "{[/protocol],methods=[GET]}" onto public java.lang.String com.info.controllers.IndexController.Protocol()
11:02:18 logback {restartedMain} INFO  o.s.w.s.m.m.a.RequestMappingHandlerMapping - Mapped "{[/login],methods=[GET]}" onto public java.lang.String com.info.controllers.IndexController.login()
11:02:18 logback {restartedMain} INFO  o.s.w.s.m.m.a.RequestMappingHandlerMapping - Mapped "{[/CSRFTest],methods=[GET]}" onto public java.lang.String com.info.controllers.IndexController.product()
11:02:18 logback {restartedMain} INFO  o.s.w.s.m.m.a.RequestMappingHandlerMapping - Mapped "{[/CSRFTestcheck],methods=[POST]}" onto public java.lang.String com.info.controllers.IndexController.product1()
11:02:18 logback {restartedMain} INFO  o.s.w.s.m.m.a.RequestMappingHandlerMapping - Mapped "{[/login-error],methods=[GET]}" onto public java.lang.String com.info.controllers.IndexController.loginError()
11:02:18 logback {restartedMain} INFO  o.s.w.s.m.m.a.RequestMappingHandlerMapping - Mapped "{[/register],methods=[POST]}" onto public java.lang.String com.info.controllers.UserController.register(com.info.domain.dto.RegistraFormDTO,org.springframework.validation.BindingResult,org.springframework.web.context.request.WebRequest,org.springframework.web.servlet.mvc.support.RedirectAttributesModelMap)
11:02:18 logback {restartedMain} INFO  o.s.w.s.m.m.a.RequestMappingHandlerMapping - Mapped "{[/registationConfirm],methods=[GET]}" onto public java.lang.String com.info.controllers.UserController.registationConfirm(java.lang.String,org.springframework.web.servlet.mvc.support.RedirectAttributesModelMap)
11:02:18 logback {restartedMain} INFO  o.s.w.s.m.m.a.RequestMappingHandlerMapping - Mapped "{[/validateUserName],methods=[POST]}" onto public boolean com.info.controllers.UserController.validateUserName(java.lang.String)
11:02:18 logback {restartedMain} INFO  o.s.w.s.m.m.a.RequestMappingHandlerMapping - Mapped "{[/validateEmail],methods=[POST]}" onto public boolean com.info.controllers.UserController.validateEmail(java.lang.String)
11:02:18 logback {restartedMain} INFO  o.s.w.s.m.m.a.RequestMappingHandlerMapping - Mapped "{[/error]}" onto public org.springframework.http.ResponseEntity<java.util.Map<java.lang.String, java.lang.Object>> org.springframework.boot.autoconfigure.web.servlet.error.BasicErrorController.error(javax.servlet.http.HttpServletRequest)
11:02:18 logback {restartedMain} INFO  o.s.w.s.m.m.a.RequestMappingHandlerMapping - Mapped "{[/error],produces=[text/html]}" onto public org.springframework.web.servlet.ModelAndView org.springframework.boot.autoconfigure.web.servlet.error.BasicErrorController.errorHtml(javax.servlet.http.HttpServletRequest,javax.servlet.http.HttpServletResponse)
11:02:18 logback {restartedMain} INFO  com.info.DemoApplication - ===>/admin
11:02:18 logback {restartedMain} INFO  com.info.DemoApplication - ===>/syncftp
11:02:18 logback {restartedMain} INFO  com.info.DemoApplication - ===>/tasks/test
11:02:18 logback {restartedMain} INFO  com.info.DemoApplication - ===>/monthly-report
11:02:18 logback {restartedMain} INFO  com.info.DemoApplication - ===>/decorators/default
11:02:18 logback {restartedMain} INFO  com.info.DemoApplication - ===>/decorators/report
11:02:18 logback {restartedMain} INFO  com.info.DemoApplication - ===>/decorators/about
11:02:18 logback {restartedMain} INFO  com.info.DemoApplication - ===>/decorators/party
11:02:18 logback {restartedMain} INFO  com.info.DemoApplication - ===>/decorators/office
11:02:18 logback {restartedMain} INFO  com.info.DemoApplication - ===>/decorators/cms
11:02:18 logback {restartedMain} INFO  com.info.DemoApplication - ===>/index
11:02:18 logback {restartedMain} INFO  com.info.DemoApplication - ===>/error
11:02:18 logback {restartedMain} INFO  com.info.DemoApplication - ===>/policy
11:02:18 logback {restartedMain} INFO  com.info.DemoApplication - ===>/
11:02:18 logback {restartedMain} INFO  com.info.DemoApplication - ===>/about
11:02:18 logback {restartedMain} INFO  com.info.DemoApplication - ===>/party
11:02:18 logback {restartedMain} INFO  com.info.DemoApplication - ===>/office
11:02:18 logback {restartedMain} INFO  com.info.DemoApplication - ===>/daily
11:02:18 logback {restartedMain} INFO  com.info.DemoApplication - ===>/personel
11:02:18 logback {restartedMain} INFO  com.info.DemoApplication - ===>/activity
11:02:18 logback {restartedMain} INFO  com.info.DemoApplication - ===>/deny
11:02:18 logback {restartedMain} INFO  com.info.DemoApplication - ===>/register
11:02:18 logback {restartedMain} INFO  com.info.DemoApplication - ===>/protocol
11:02:18 logback {restartedMain} INFO  com.info.DemoApplication - ===>/login
11:02:18 logback {restartedMain} INFO  com.info.DemoApplication - ===>/CSRFTest
11:02:18 logback {restartedMain} INFO  com.info.DemoApplication - ===>/CSRFTestcheck
11:02:18 logback {restartedMain} INFO  com.info.DemoApplication - ===>/login-error
11:02:18 logback {restartedMain} INFO  com.info.DemoApplication - ===>/registationConfirm
11:02:18 logback {restartedMain} INFO  com.info.DemoApplication - ===>/validateUserName
11:02:18 logback {restartedMain} INFO  com.info.DemoApplication - ===>/validateEmail
11:02:19 logback {restartedMain} INFO  o.s.s.web.DefaultSecurityFilterChain - Creating filter chain: org.springframework.security.web.util.matcher.AnyRequestMatcher@1, [org.springframework.security.web.context.request.async.WebAsyncManagerIntegrationFilter@7087ed, org.springframework.security.web.context.SecurityContextPersistenceFilter@6fada7, org.springframework.security.web.header.HeaderWriterFilter@78330c, org.springframework.security.web.csrf.CsrfFilter@14891e4, org.springframework.security.web.authentication.logout.LogoutFilter@1534930, org.springframework.security.web.authentication.UsernamePasswordAuthenticationFilter@58aa41, org.springframework.security.web.savedrequest.RequestCacheAwareFilter@16eccdb, org.springframework.security.web.servletapi.SecurityContextHolderAwareRequestFilter@2f6529, org.springframework.security.web.authentication.rememberme.RememberMeAuthenticationFilter@19868ad, org.springframework.security.web.authentication.AnonymousAuthenticationFilter@13c4b74, org.springframework.security.web.session.SessionManagementFilter@1cdcf0b, org.springframework.security.web.access.ExceptionTranslationFilter@1ec9f5e, org.springframework.security.web.access.intercept.FilterSecurityInterceptor@36628d, org.springframework.security.web.access.intercept.FilterSecurityInterceptor@5227b0]
11:02:19 logback {restartedMain} INFO  o.s.w.s.m.m.a.RequestMappingHandlerAdapter - Looking for @ControllerAdvice: org.springframework.boot.web.servlet.context.AnnotationConfigServletWebServerApplicationContext@e37eff: startup date [Fri Apr 20 11:02:14 CST 2018]; root of context hierarchy
11:02:19 logback {restartedMain} INFO  o.s.w.s.h.SimpleUrlHandlerMapping - Mapped URL path [/webjars/**] onto handler of type [class org.springframework.web.servlet.resource.ResourceHttpRequestHandler]
11:02:19 logback {restartedMain} INFO  o.s.w.s.h.SimpleUrlHandlerMapping - Mapped URL path [/**] onto handler of type [class org.springframework.web.servlet.resource.ResourceHttpRequestHandler]
11:02:19 logback {restartedMain} INFO  o.s.w.s.m.m.a.ExceptionHandlerExceptionResolver - Detected @ExceptionHandler methods in webExceptionHandler
11:02:19 logback {restartedMain} INFO  o.s.w.s.h.SimpleUrlHandlerMapping - Mapped URL path [/**/favicon.ico] onto handler of type [class org.springframework.web.servlet.resource.ResourceHttpRequestHandler]
11:02:19 logback {restartedMain} INFO  o.s.b.a.w.s.WelcomePageHandlerMapping - Adding welcome page template: index
11:02:20 logback {restartedMain} INFO  o.s.b.d.a.OptionalLiveReloadServer - LiveReload server is running on port 35729
11:02:20 logback {restartedMain} INFO  o.s.b.a.e.w.s.WebMvcEndpointHandlerMapping - Mapped "{[/actuator/health],methods=[GET],produces=[application/vnd.spring-boot.actuator.v2+json || application/json]}" onto public java.lang.Object org.springframework.boot.actuate.endpoint.web.servlet.AbstractWebMvcEndpointHandlerMapping$OperationHandler.handle(javax.servlet.http.HttpServletRequest,java.util.Map<java.lang.String, java.lang.String>)
11:02:20 logback {restartedMain} INFO  o.s.b.a.e.w.s.WebMvcEndpointHandlerMapping - Mapped "{[/actuator/info],methods=[GET],produces=[application/vnd.spring-boot.actuator.v2+json || application/json]}" onto public java.lang.Object org.springframework.boot.actuate.endpoint.web.servlet.AbstractWebMvcEndpointHandlerMapping$OperationHandler.handle(javax.servlet.http.HttpServletRequest,java.util.Map<java.lang.String, java.lang.String>)
11:02:20 logback {restartedMain} INFO  o.s.b.a.e.w.s.WebMvcEndpointHandlerMapping - Mapped "{[/actuator],methods=[GET],produces=[application/vnd.spring-boot.actuator.v2+json || application/json]}" onto protected java.util.Map<java.lang.String, java.util.Map<java.lang.String, org.springframework.boot.actuate.endpoint.web.Link>> org.springframework.boot.actuate.endpoint.web.servlet.WebMvcEndpointHandlerMapping.links(javax.servlet.http.HttpServletRequest,javax.servlet.http.HttpServletResponse)
11:02:20 logback {restartedMain} INFO  o.s.j.e.a.AnnotationMBeanExporter - Registering beans for JMX exposure on startup
11:02:20 logback {restartedMain} INFO  o.s.j.e.a.AnnotationMBeanExporter - Bean with name 'dataSource' has been autodetected for JMX exposure
11:02:20 logback {restartedMain} INFO  o.s.j.e.a.AnnotationMBeanExporter - Located MBean 'dataSource': registering with JMX server as MBean [com.zaxxer.hikari:name=dataSource,type=HikariDataSource]
11:02:20 logback {restartedMain} INFO  o.a.coyote.http11.Http11NioProtocol - Starting ProtocolHandler ["http-nio-8080"]
11:02:20 logback {restartedMain} INFO  o.a.tomcat.util.net.NioSelectorPool - Using a shared selector for servlet write/read
11:02:20 logback {restartedMain} INFO  o.s.b.w.e.tomcat.TomcatWebServer - Tomcat started on port(s): 8080 (http) with context path ''
11:02:20 logback {restartedMain} INFO  com.info.DemoApplication - Started DemoApplication in 6.351 seconds (JVM running for 319.243)
11:02:20 logback {restartedMain} INFO  o.s.b.d.a.ConditionEvaluationDeltaLoggingListener - Condition evaluation unchanged
11:02:28 logback {http-nio-8080-exec-1} INFO  o.a.c.c.C.[Tomcat].[localhost].[/] - Initializing Spring FrameworkServlet 'dispatcherServlet'
11:02:28 logback {http-nio-8080-exec-1} INFO  o.s.web.servlet.DispatcherServlet - FrameworkServlet 'dispatcherServlet': initialization started
11:02:28 logback {http-nio-8080-exec-1} INFO  o.s.web.servlet.DispatcherServlet - FrameworkServlet 'dispatcherServlet': initialization completed in 23 ms
11:02:28 logback {http-nio-8080-exec-1} INFO  com.info.aspect.CtrlAspect - url=http://localhost:8080/index
11:02:28 logback {http-nio-8080-exec-1} INFO  com.info.aspect.CtrlAspect - method=GET
11:02:28 logback {http-nio-8080-exec-1} INFO  com.info.aspect.CtrlAspect - method=0:0:0:0:0:0:0:1
11:02:28 logback {http-nio-8080-exec-1} INFO  com.info.aspect.CtrlAspect - class_method=com.info.controllers.IndexController
11:02:28 logback {http-nio-8080-exec-1} INFO  com.info.aspect.CtrlAspect - class_method_attrs={}
11:02:28 logback {http-nio-8080-exec-1} INFO  com.info.aspect.CtrlAspect - com.info.controllers.IndexController方法执行完毕
11:02:28 logback {http-nio-8080-exec-1} INFO  com.info.aspect.CtrlAspect - response=index
11:02:28 logback {http-nio-8080-exec-1} INFO  com.info.aspect.CtrlAspect - url=http://localhost:8080/decorators/default
11:02:28 logback {http-nio-8080-exec-1} INFO  com.info.aspect.CtrlAspect - method=GET
11:02:28 logback {http-nio-8080-exec-1} INFO  com.info.aspect.CtrlAspect - method=0:0:0:0:0:0:0:1
11:02:28 logback {http-nio-8080-exec-1} INFO  com.info.aspect.CtrlAspect - class_method=com.info.controllers.DecoratorController
11:02:28 logback {http-nio-8080-exec-1} INFO  com.info.aspect.CtrlAspect - class_method_attrs={}
11:02:28 logback {http-nio-8080-exec-1} INFO  com.info.aspect.CtrlAspect - com.info.controllers.DecoratorController方法执行完毕
11:02:28 logback {http-nio-8080-exec-1} INFO  com.info.aspect.CtrlAspect - response=/decorators/default
11:02:47 logback {http-nio-8080-exec-2} INFO  com.info.aspect.CtrlAspect - url=http://localhost:8080/index
11:02:47 logback {http-nio-8080-exec-2} INFO  com.info.aspect.CtrlAspect - method=GET
11:02:47 logback {http-nio-8080-exec-2} INFO  com.info.aspect.CtrlAspect - method=0:0:0:0:0:0:0:1
11:02:47 logback {http-nio-8080-exec-2} INFO  com.info.aspect.CtrlAspect - class_method=com.info.controllers.IndexController
11:02:47 logback {http-nio-8080-exec-2} INFO  com.info.aspect.CtrlAspect - class_method_attrs={}
11:02:47 logback {http-nio-8080-exec-2} INFO  com.info.aspect.CtrlAspect - com.info.controllers.IndexController方法执行完毕
11:02:47 logback {http-nio-8080-exec-2} INFO  com.info.aspect.CtrlAspect - response=index
11:02:47 logback {http-nio-8080-exec-2} INFO  com.info.aspect.CtrlAspect - url=http://localhost:8080/decorators/default
11:02:47 logback {http-nio-8080-exec-2} INFO  com.info.aspect.CtrlAspect - method=GET
11:02:47 logback {http-nio-8080-exec-2} INFO  com.info.aspect.CtrlAspect - method=0:0:0:0:0:0:0:1
11:02:47 logback {http-nio-8080-exec-2} INFO  com.info.aspect.CtrlAspect - class_method=com.info.controllers.DecoratorController
11:02:47 logback {http-nio-8080-exec-2} INFO  com.info.aspect.CtrlAspect - class_method_attrs={}
11:02:47 logback {http-nio-8080-exec-2} INFO  com.info.aspect.CtrlAspect - com.info.controllers.DecoratorController方法执行完毕
11:02:47 logback {http-nio-8080-exec-2} INFO  com.info.aspect.CtrlAspect - response=/decorators/default
11:03:05 logback {http-nio-8080-exec-8} INFO  com.info.aspect.CtrlAspect - url=http://localhost:8080/index
11:03:05 logback {http-nio-8080-exec-8} INFO  com.info.aspect.CtrlAspect - method=GET
11:03:05 logback {http-nio-8080-exec-8} INFO  com.info.aspect.CtrlAspect - method=0:0:0:0:0:0:0:1
11:03:05 logback {http-nio-8080-exec-8} INFO  com.info.aspect.CtrlAspect - class_method=com.info.controllers.IndexController
11:03:05 logback {http-nio-8080-exec-8} INFO  com.info.aspect.CtrlAspect - class_method_attrs={}
11:03:05 logback {http-nio-8080-exec-8} INFO  com.info.aspect.CtrlAspect - com.info.controllers.IndexController方法执行完毕
11:03:05 logback {http-nio-8080-exec-8} INFO  com.info.aspect.CtrlAspect - response=index
11:03:05 logback {http-nio-8080-exec-8} INFO  com.info.aspect.CtrlAspect - url=http://localhost:8080/decorators/default
11:03:05 logback {http-nio-8080-exec-8} INFO  com.info.aspect.CtrlAspect - method=GET
11:03:05 logback {http-nio-8080-exec-8} INFO  com.info.aspect.CtrlAspect - method=0:0:0:0:0:0:0:1
11:03:05 logback {http-nio-8080-exec-8} INFO  com.info.aspect.CtrlAspect - class_method=com.info.controllers.DecoratorController
11:03:05 logback {http-nio-8080-exec-8} INFO  com.info.aspect.CtrlAspect - class_method_attrs={}
11:03:05 logback {http-nio-8080-exec-8} INFO  com.info.aspect.CtrlAspect - com.info.controllers.DecoratorController方法执行完毕
11:03:05 logback {http-nio-8080-exec-8} INFO  com.info.aspect.CtrlAspect - response=/decorators/default
11:05:07 logback {http-nio-8080-exec-8} INFO  com.info.aspect.CtrlAspect - url=http://localhost:8080/index
11:05:07 logback {http-nio-8080-exec-8} INFO  com.info.aspect.CtrlAspect - method=GET
11:05:07 logback {http-nio-8080-exec-8} INFO  com.info.aspect.CtrlAspect - method=0:0:0:0:0:0:0:1
11:05:07 logback {http-nio-8080-exec-8} INFO  com.info.aspect.CtrlAspect - class_method=com.info.controllers.IndexController
11:05:07 logback {http-nio-8080-exec-8} INFO  com.info.aspect.CtrlAspect - class_method_attrs={}
11:05:07 logback {http-nio-8080-exec-8} INFO  com.info.aspect.CtrlAspect - com.info.controllers.IndexController方法执行完毕
11:05:07 logback {http-nio-8080-exec-8} INFO  com.info.aspect.CtrlAspect - response=index
11:05:07 logback {http-nio-8080-exec-8} INFO  com.info.aspect.CtrlAspect - url=http://localhost:8080/decorators/default
11:05:07 logback {http-nio-8080-exec-8} INFO  com.info.aspect.CtrlAspect - method=GET
11:05:07 logback {http-nio-8080-exec-8} INFO  com.info.aspect.CtrlAspect - method=0:0:0:0:0:0:0:1
11:05:07 logback {http-nio-8080-exec-8} INFO  com.info.aspect.CtrlAspect - class_method=com.info.controllers.DecoratorController
11:05:07 logback {http-nio-8080-exec-8} INFO  com.info.aspect.CtrlAspect - class_method_attrs={}
11:05:07 logback {http-nio-8080-exec-8} INFO  com.info.aspect.CtrlAspect - com.info.controllers.DecoratorController方法执行完毕
11:05:07 logback {http-nio-8080-exec-8} INFO  com.info.aspect.CtrlAspect - response=/decorators/default
11:06:23 logback {http-nio-8080-exec-3} INFO  com.info.aspect.CtrlAspect - url=http://localhost:8080/index
11:06:23 logback {http-nio-8080-exec-3} INFO  com.info.aspect.CtrlAspect - method=GET
11:06:23 logback {http-nio-8080-exec-3} INFO  com.info.aspect.CtrlAspect - method=0:0:0:0:0:0:0:1
11:06:23 logback {http-nio-8080-exec-3} INFO  com.info.aspect.CtrlAspect - class_method=com.info.controllers.IndexController
11:06:23 logback {http-nio-8080-exec-3} INFO  com.info.aspect.CtrlAspect - class_method_attrs={}
11:06:23 logback {http-nio-8080-exec-3} INFO  com.info.aspect.CtrlAspect - com.info.controllers.IndexController方法执行完毕
11:06:23 logback {http-nio-8080-exec-3} INFO  com.info.aspect.CtrlAspect - response=index
11:06:23 logback {http-nio-8080-exec-3} INFO  com.info.aspect.CtrlAspect - url=http://localhost:8080/decorators/default
11:06:23 logback {http-nio-8080-exec-3} INFO  com.info.aspect.CtrlAspect - method=GET
11:06:23 logback {http-nio-8080-exec-3} INFO  com.info.aspect.CtrlAspect - method=0:0:0:0:0:0:0:1
11:06:23 logback {http-nio-8080-exec-3} INFO  com.info.aspect.CtrlAspect - class_method=com.info.controllers.DecoratorController
11:06:23 logback {http-nio-8080-exec-3} INFO  com.info.aspect.CtrlAspect - class_method_attrs={}
11:06:23 logback {http-nio-8080-exec-3} INFO  com.info.aspect.CtrlAspect - com.info.controllers.DecoratorController方法执行完毕
11:06:23 logback {http-nio-8080-exec-3} INFO  com.info.aspect.CtrlAspect - response=/decorators/default
11:06:33 logback {http-nio-8080-exec-3} INFO  com.info.aspect.CtrlAspect - url=http://localhost:8080/about
11:06:33 logback {http-nio-8080-exec-3} INFO  com.info.aspect.CtrlAspect - method=GET
11:06:33 logback {http-nio-8080-exec-3} INFO  com.info.aspect.CtrlAspect - method=0:0:0:0:0:0:0:1
11:06:33 logback {http-nio-8080-exec-3} INFO  com.info.aspect.CtrlAspect - class_method=com.info.controllers.IndexController
11:06:33 logback {http-nio-8080-exec-3} INFO  com.info.aspect.CtrlAspect - class_method_attrs={}
11:06:33 logback {http-nio-8080-exec-3} INFO  com.info.aspect.CtrlAspect - com.info.controllers.IndexController方法执行完毕
11:06:33 logback {http-nio-8080-exec-3} INFO  com.info.aspect.CtrlAspect - response=about
11:06:33 logback {http-nio-8080-exec-3} INFO  com.info.aspect.CtrlAspect - url=http://localhost:8080/decorators/about
11:06:33 logback {http-nio-8080-exec-3} INFO  com.info.aspect.CtrlAspect - method=GET
11:06:33 logback {http-nio-8080-exec-3} INFO  com.info.aspect.CtrlAspect - method=0:0:0:0:0:0:0:1
11:06:33 logback {http-nio-8080-exec-3} INFO  com.info.aspect.CtrlAspect - class_method=com.info.controllers.DecoratorController
11:06:33 logback {http-nio-8080-exec-3} INFO  com.info.aspect.CtrlAspect - class_method_attrs={}
11:06:33 logback {http-nio-8080-exec-3} INFO  com.info.aspect.CtrlAspect - com.info.controllers.DecoratorController方法执行完毕
11:06:33 logback {http-nio-8080-exec-3} INFO  com.info.aspect.CtrlAspect - response=/decorators/about
11:51:16 logback {RMI TCP Connection(2)-127.0.0.1} INFO  o.s.b.a.SpringApplicationAdminMXBeanRegistrar$SpringApplicationAdmin - Application shutdown requested.
11:51:16 logback {RMI TCP Connection(2)-127.0.0.1} INFO  o.s.b.w.s.c.AnnotationConfigServletWebServerApplicationContext - Closing org.springframework.boot.web.servlet.context.AnnotationConfigServletWebServerApplicationContext@e37eff: startup date [Fri Apr 20 11:02:14 CST 2018]; root of context hierarchy
11:51:16 logback {RMI TCP Connection(2)-127.0.0.1} INFO  o.s.j.e.a.AnnotationMBeanExporter - Unregistering JMX-exposed beans on shutdown
11:51:16 logback {RMI TCP Connection(2)-127.0.0.1} INFO  o.s.j.e.a.AnnotationMBeanExporter - Unregistering JMX-exposed beans
11:51:16 logback {RMI TCP Connection(2)-127.0.0.1} INFO  o.s.o.j.LocalContainerEntityManagerFactoryBean - Closing JPA EntityManagerFactory for persistence unit 'default'
11:51:16 logback {RMI TCP Connection(2)-127.0.0.1} INFO  com.zaxxer.hikari.HikariDataSource - HikariPool-2 - Shutdown initiated...
11:51:16 logback {RMI TCP Connection(2)-127.0.0.1} INFO  com.zaxxer.hikari.HikariDataSource - HikariPool-2 - Shutdown completed.
